  [1m[36m (2.0ms)[0m  [1mCREATE TABLE "schema_migrations" ("version" varchar NOT NULL) [0m
  [1m[35m (0.1ms)[0m  select sqlite_version(*)
  [1m[36m (4.1ms)[0m  [1mCREATE UNIQUE INDEX "unique_schema_migrations" ON "schema_migrations" ("version")[0m
  [1m[35mActiveRecord::SchemaMigration Load (0.1ms)[0m  SELECT "schema_migrations".* FROM "schema_migrations"
Migrating to CreateUsers (20160221070921)
  [1m[36m (0.1ms)[0m  [1mbegin transaction[0m
  [1m[35m (0.5ms)[0m  CREATE TABLE "users" ("id" INTEGER PRIMARY KEY AUTOINCREMENT NOT NULL, "created_at" datetime NOT NULL, "updated_at" datetime NOT NULL) 
  [1m[36mSQL (0.3ms)[0m  [1mINSERT INTO "schema_migrations" ("version") VALUES (?)[0m  [["version", "20160221070921"]]
  [1m[35m (1.3ms)[0m  commit transaction
Migrating to AddDeviseToUsers (20160221070947)
  [1m[36m (0.1ms)[0m  [1mbegin transaction[0m
  [1m[35m (0.5ms)[0m  ALTER TABLE "users" ADD "email" varchar DEFAULT '' NOT NULL
  [1m[36m (0.1ms)[0m  [1mALTER TABLE "users" ADD "encrypted_password" varchar DEFAULT '' NOT NULL[0m
  [1m[35m (0.1ms)[0m  ALTER TABLE "users" ADD "reset_password_token" varchar
  [1m[36m (0.1ms)[0m  [1mALTER TABLE "users" ADD "reset_password_sent_at" datetime[0m
  [1m[35m (0.1ms)[0m  ALTER TABLE "users" ADD "remember_created_at" datetime
  [1m[36m (0.2ms)[0m  [1mALTER TABLE "users" ADD "sign_in_count" integer DEFAULT 0 NOT NULL[0m
  [1m[35m (0.2ms)[0m  ALTER TABLE "users" ADD "current_sign_in_at" datetime
  [1m[36m (0.4ms)[0m  [1mALTER TABLE "users" ADD "last_sign_in_at" datetime[0m
  [1m[35m (0.4ms)[0m  ALTER TABLE "users" ADD "current_sign_in_ip" varchar
  [1m[36m (0.2ms)[0m  [1mALTER TABLE "users" ADD "last_sign_in_ip" varchar[0m
  [1m[35m (0.7ms)[0m  CREATE UNIQUE INDEX "index_users_on_email" ON "users" ("email")
  [1m[36m (0.1ms)[0m  [1m            SELECT sql
            FROM sqlite_master
            WHERE name='index_users_on_email' AND type='index'
            UNION ALL
            SELECT sql
            FROM sqlite_temp_master
            WHERE name='index_users_on_email' AND type='index'
[0m
  [1m[35m (0.2ms)[0m  CREATE UNIQUE INDEX "index_users_on_reset_password_token" ON "users" ("reset_password_token")
  [1m[36mSQL (0.2ms)[0m  [1mINSERT INTO "schema_migrations" ("version") VALUES (?)[0m  [["version", "20160221070947"]]
  [1m[35m (1.4ms)[0m  commit transaction
Migrating to AddConfirmableToDevise (20160221093823)
  [1m[36m (0.1ms)[0m  [1mbegin transaction[0m
  [1m[35m (0.5ms)[0m  ALTER TABLE "users" ADD "confirmation_token" varchar
  [1m[36m (0.3ms)[0m  [1mALTER TABLE "users" ADD "confirmed_at" datetime[0m
  [1m[35m (0.3ms)[0m  ALTER TABLE "users" ADD "confirmation_sent_at" datetime
  [1m[36m (0.1ms)[0m  [1m            SELECT sql
            FROM sqlite_master
            WHERE name='index_users_on_reset_password_token' AND type='index'
            UNION ALL
            SELECT sql
            FROM sqlite_temp_master
            WHERE name='index_users_on_reset_password_token' AND type='index'
[0m
  [1m[35m (0.1ms)[0m              SELECT sql
            FROM sqlite_master
            WHERE name='index_users_on_email' AND type='index'
            UNION ALL
            SELECT sql
            FROM sqlite_temp_master
            WHERE name='index_users_on_email' AND type='index'

  [1m[36m (0.4ms)[0m  [1mCREATE UNIQUE INDEX "index_users_on_confirmation_token" ON "users" ("confirmation_token")[0m
  [1m[35mSQL (0.1ms)[0m  INSERT INTO "schema_migrations" ("version") VALUES (?)  [["version", "20160221093823"]]
  [1m[36m (1.4ms)[0m  [1mcommit transaction[0m
Migrating to AddRoleToUsers (20160306064547)
  [1m[35m (0.1ms)[0m  begin transaction
  [1m[36m (0.4ms)[0m  [1mALTER TABLE "users" ADD "role" varchar[0m
  [1m[35mSQL (0.2ms)[0m  INSERT INTO "schema_migrations" ("version") VALUES (?)  [["version", "20160306064547"]]
  [1m[36m (1.0ms)[0m  [1mcommit transaction[0m
  [1m[35mActiveRecord::SchemaMigration Load (0.1ms)[0m  SELECT "schema_migrations".* FROM "schema_migrations"
  [1m[36m (0.1ms)[0m  [1m            SELECT sql
            FROM sqlite_master
            WHERE name='index_users_on_confirmation_token' AND type='index'
            UNION ALL
            SELECT sql
            FROM sqlite_temp_master
            WHERE name='index_users_on_confirmation_token' AND type='index'
[0m
  [1m[35m (0.1ms)[0m              SELECT sql
            FROM sqlite_master
            WHERE name='index_users_on_reset_password_token' AND type='index'
            UNION ALL
            SELECT sql
            FROM sqlite_temp_master
            WHERE name='index_users_on_reset_password_token' AND type='index'

  [1m[36m (0.1ms)[0m  [1m            SELECT sql
            FROM sqlite_master
            WHERE name='index_users_on_email' AND type='index'
            UNION ALL
            SELECT sql
            FROM sqlite_temp_master
            WHERE name='index_users_on_email' AND type='index'
[0m


Started GET "/admin/dashboard/index" for ::1 at 2016-03-15 02:39:08 +0530
  [1m[36mActiveRecord::SchemaMigration Load (0.2ms)[0m  [1mSELECT "schema_migrations".* FROM "schema_migrations"[0m
Processing by Admin::DashboardController#index as HTML
  [1m[35mUser Load (0.2ms)[0m  SELECT  "users".* FROM "users" WHERE "users"."id" = ?  ORDER BY "users"."id" ASC LIMIT 1  [["id", 1]]
Completed 401 Unauthorized in 58ms (ActiveRecord: 0.7ms)


Started GET "/admin/users/sign_in" for ::1 at 2016-03-15 02:39:08 +0530
Processing by Devise::SessionsController#new as HTML
  Rendered devise/sessions/new.html.erb within layouts/application (30.8ms)
Completed 200 OK in 2641ms (Views: 2619.8ms | ActiveRecord: 0.0ms)


Started GET "/assets/font-awesome.self-c1a7a80b6536c3397a1a212c9bd22298ae69260ee343d00b60d7f41fa54a59a8.css?body=1" for ::1 at 2016-03-15 02:39:11 +0530


Started GET "/assets/animate.self-fea0ded26e143f826bc21f4dd76856675b5d1f31eb180436449a03e52401c21b.css?body=1" for ::1 at 2016-03-15 02:39:11 +0530


Started GET "/assets/morris.self-b331eeb1aa336d072d4e7e055fede5e44d00e73a31cfbfa77b87ebf0d816265c.css?body=1" for ::1 at 2016-03-15 02:39:11 +0530


Started GET "/assets/bootstrap.min.self-2c354d7c0179bd35563b93633b23ac5fb07c67d531d40a75695bacbd0eadb799.css?body=1" for ::1 at 2016-03-15 02:39:11 +0530


Started GET "/assets/timeline.self-adcf4ac8978841626cabd1a65b1ae2b0419a1ddb13083a5aa5959a60bef9cfb5.css?body=1" for ::1 at 2016-03-15 02:39:11 +0530


Started GET "/assets/dashboard.self-e3b0c44298fc1c149afbf4c8996fb92427ae41e4649b934ca495991b7852b855.css?body=1" for ::1 at 2016-03-15 02:39:11 +0530


Started GET "/assets/metisMenu.min.self-39a68158cd09f5740df90344edf98bf0dec5b8b07d6f8c5e1faed3f2bbf208f2.css?body=1" for ::1 at 2016-03-15 02:39:11 +0530


Started GET "/assets/sb-admin-2.self-055f6b9d2e9470a891a22528a00ee5ff5dda5448b62545a752437043d6477c56.css?body=1" for ::1 at 2016-03-15 02:39:11 +0530


Started GET "/assets/users.self-e3b0c44298fc1c149afbf4c8996fb92427ae41e4649b934ca495991b7852b855.css?body=1" for ::1 at 2016-03-15 02:39:11 +0530


Started GET "/assets/welcome.self-e3b0c44298fc1c149afbf4c8996fb92427ae41e4649b934ca495991b7852b855.css?body=1" for ::1 at 2016-03-15 02:39:11 +0530


Started GET "/assets/application.self-2f5082505d5fad7e2ca188d9795feb9983caf3a4ef3f5e2a589578f9546e7d1a.css?body=1" for ::1 at 2016-03-15 02:39:11 +0530


Started GET "/assets/jquery.self-c64a74367bda6ef8b860f19e74df08927ca99d2be2ac934e9e92d5fd361e0da4.js?body=1" for ::1 at 2016-03-15 02:39:11 +0530


Started GET "/assets/jquery_ujs.self-d602bdfe68ffc63b9f9cc512872aa3cfff046228a0a36e90dd476e8ef54c1b09.js?body=1" for ::1 at 2016-03-15 02:39:11 +0530


Started GET "/assets/bootstrap-notify.self-1db3a961b9727066bdbf8f0e2c50022c00ffb9fbc9c7d22c29c5d4e3f4c922c3.js?body=1" for ::1 at 2016-03-15 02:39:11 +0530


Started GET "/assets/turbolinks.self-c37727e9bd6b2735da5c311aa83fead54ed0be6cc8bd9a65309e9c5abe2cbfff.js?body=1" for ::1 at 2016-03-15 02:39:11 +0530


Started GET "/assets/bootstrap.min.self-d66e555f160df017adf1ca16a36cd609a36d49c51637e365c5b8847d0065fa40.js?body=1" for ::1 at 2016-03-15 02:39:11 +0530


Started GET "/assets/dashboard.self-877aef30ae1b040ab8a3aba4e3e309a11d7f2612f44dde450b5c157aa5f95c05.js?body=1" for ::1 at 2016-03-15 02:39:11 +0530


Started GET "/assets/flot-data.self-331b2c3fcf4c137e4b8bf2e6b520c71963ca035c9caddc345e82dbaffea1fe67.js?body=1" for ::1 at 2016-03-15 02:39:11 +0530


Started GET "/assets/jquery.flot.self-c14ce1ecd2ce4c63225ea890baab32a8844dc3a9934549b5e9eb1161587a5ec6.js?body=1" for ::1 at 2016-03-15 02:39:11 +0530


Started GET "/assets/metisMenu.min.self-0db38256c73148671fb4a78e415b3cc67983c7ee20fdb697fcf4505c673c567d.js?body=1" for ::1 at 2016-03-15 02:39:11 +0530


Started GET "/assets/morris-data.self-56aaab5855e4cdbab1ef20ddfc4589d9c9badee04e7599ec74f8d5670526dc12.js?body=1" for ::1 at 2016-03-15 02:39:11 +0530


Started GET "/assets/morris.min.self-4af92d7906a27d9873d17376c88128564082ab7acc6e7055d61bd398db3c0276.js?body=1" for ::1 at 2016-03-15 02:39:11 +0530


Started GET "/assets/raphael-min.self-941b13323aa7867e65545caa1f27a7cb2e1b6a7346826fb2701e600a7f9fe885.js?body=1" for ::1 at 2016-03-15 02:39:11 +0530


Started GET "/assets/sb-admin-2.self-56bd6a6e5b0d37d83b0261b8de91fb454a750a4641c24bdc62f1bc5d860acb39.js?body=1" for ::1 at 2016-03-15 02:39:11 +0530


Started GET "/assets/users.self-877aef30ae1b040ab8a3aba4e3e309a11d7f2612f44dde450b5c157aa5f95c05.js?body=1" for ::1 at 2016-03-15 02:39:11 +0530


Started GET "/assets/welcome.self-877aef30ae1b040ab8a3aba4e3e309a11d7f2612f44dde450b5c157aa5f95c05.js?body=1" for ::1 at 2016-03-15 02:39:11 +0530


Started GET "/assets/application.self-f8806224e027f3e3f0138ea9ce99319e298dfdb323304d1f1be6eae8e8c74724.js?body=1" for ::1 at 2016-03-15 02:39:11 +0530


Started POST "/admin/users/sign_in" for ::1 at 2016-03-15 02:39:22 +0530
Processing by Devise::SessionsController#create as HTML
  Parameters: {"utf8"=>"✓", "authenticity_token"=>"wz5eU9oHSwKh1MczqlWFbNoH7ME1zZhzKohclix0eWqNYEz8Xd2thXQsy10QOVYDtto2N0a8qOIcGPV0KffWWw==", "user"=>{"email"=>"ajay@gmail.com", "password"=>"[FILTERED]", "remember_me"=>"0"}, "commit"=>"Log in"}
  [1m[36mUser Load (0.4ms)[0m  [1mSELECT  "users".* FROM "users" WHERE "users"."email" = ?  ORDER BY "users"."id" ASC LIMIT 1[0m  [["email", "ajay@gmail.com"]]
Completed 401 Unauthorized in 24ms (ActiveRecord: 0.4ms)
Processing by Devise::SessionsController#new as HTML
  Parameters: {"utf8"=>"✓", "authenticity_token"=>"wz5eU9oHSwKh1MczqlWFbNoH7ME1zZhzKohclix0eWqNYEz8Xd2thXQsy10QOVYDtto2N0a8qOIcGPV0KffWWw==", "user"=>{"email"=>"ajay@gmail.com", "password"=>"[FILTERED]", "remember_me"=>"0"}, "commit"=>"Log in"}
  Rendered devise/sessions/new.html.erb within layouts/application (2.0ms)
Completed 200 OK in 180ms (Views: 77.4ms | ActiveRecord: 0.0ms)


Started GET "/admin/users/sign_up" for ::1 at 2016-03-15 02:39:25 +0530
Processing by Devise::RegistrationsController#new as HTML
  Rendered devise/_notification.html.erb (0.4ms)
  Rendered devise/registrations/new.html.erb within layouts/application (17.0ms)
Completed 200 OK in 82ms (Views: 80.4ms | ActiveRecord: 0.0ms)


Started POST "/admin/users" for ::1 at 2016-03-15 02:39:37 +0530
Processing by Devise::RegistrationsController#create as HTML
  Parameters: {"utf8"=>"✓", "authenticity_token"=>"/Kn+byh0sbvbQIZBs46OouZRQOigP2M6vQnyZ4c4wN6y9+zAr65XPA64ii8J4l3NioyaHtNOU6uLmVuFgrtv7w==", "user"=>{"email"=>"ajay@gmail.com", "password"=>"[FILTERED]", "password_confirmation"=>"[FILTERED]"}, "commit"=>"Sign up"}
  [1m[35m (0.1ms)[0m  begin transaction
  [1m[36mUser Exists (0.2ms)[0m  [1mSELECT  1 AS one FROM "users" WHERE "users"."email" = 'ajay@gmail.com' LIMIT 1[0m
  [1m[35m (0.1ms)[0m  SELECT COUNT(*) FROM "users"
  [1m[36mSQL (0.6ms)[0m  [1mINSERT INTO "users" ("email", "encrypted_password", "created_at", "updated_at", "role") VALUES (?, ?, ?, ?, ?)[0m  [["email", "ajay@gmail.com"], ["encrypted_password", "$2a$10$kHKb1krnw3SX8cXVJPIq5OvSxd6yjpS7piS72o0R5ldgjAC0ufAnS"], ["created_at", "2016-03-14 21:09:38.042803"], ["updated_at", "2016-03-14 21:09:38.042803"], ["role", "admin"]]
  [1m[35m (2.6ms)[0m  commit transaction
  [1m[36m (0.1ms)[0m  [1mbegin transaction[0m
  [1m[35mSQL (0.4ms)[0m  UPDATE "users" SET "last_sign_in_at" = ?, "current_sign_in_at" = ?, "last_sign_in_ip" = ?, "current_sign_in_ip" = ?, "sign_in_count" = ?, "updated_at" = ? WHERE "users"."id" = ?  [["last_sign_in_at", "2016-03-14 21:09:38.049574"], ["current_sign_in_at", "2016-03-14 21:09:38.049574"], ["last_sign_in_ip", "::1"], ["current_sign_in_ip", "::1"], ["sign_in_count", 1], ["updated_at", "2016-03-14 21:09:38.050834"], ["id", 1]]
  [1m[36m (1.0ms)[0m  [1mcommit transaction[0m
Redirected to http://localhost:3000/admin/dashboard/index
Completed 302 Found in 160ms (ActiveRecord: 5.1ms)


Started GET "/admin/dashboard/index" for ::1 at 2016-03-15 02:39:38 +0530
Processing by Admin::DashboardController#index as HTML
  [1m[35mUser Load (0.1ms)[0m  SELECT  "users".* FROM "users" WHERE "users"."id" = ?  ORDER BY "users"."id" ASC LIMIT 1  [["id", 1]]
  Rendered admin/dashboard/_notification_boxes.html.erb (0.3ms)
  Rendered admin/dashboard/_area_chart.html.erb (0.3ms)
  Rendered admin/dashboard/_bar_chart.html.erb (0.3ms)
  Rendered admin/dashboard/_responsive_timeline.html.erb (0.4ms)
  Rendered admin/dashboard/_notifications_panel.html.erb (0.5ms)
  Rendered admin/dashboard/_donut_chart.html.erb (0.4ms)
  Rendered admin/dashboard/_chat_panel.html.erb (0.4ms)
  Rendered admin/dashboard/index.html.erb within layouts/application (14.2ms)
  Rendered admin/dashboard/_top_nav.html.erb (1.3ms)
  Rendered admin/dashboard/_sidebar_nav.html.erb (0.9ms)
Completed 200 OK in 95ms (Views: 92.5ms | ActiveRecord: 0.1ms)


Started GET "/assets/fontawesome-webfont-ff82aeed6b9bb6701696c84d1b223d2e682eb78c89117a438ce6cfea8c498995.woff2?v=4.5.0" for ::1 at 2016-03-15 02:39:38 +0530
  [1m[36mActiveRecord::SchemaMigration Load (0.1ms)[0m  [1mSELECT "schema_migrations".* FROM "schema_migrations"[0m
Migrating to CreateAccounts (20160314211040)
  [1m[35m (0.1ms)[0m  begin transaction
  [1m[36m (1.0ms)[0m  [1mCREATE TABLE "accounts" ("id" INTEGER PRIMARY KEY AUTOINCREMENT NOT NULL, "company_id" integer, "invoice_id" integer, "bill_id" integer, "recieve_payment_id" integer, "expense_id" integer, "created_at" datetime NOT NULL, "updated_at" datetime NOT NULL) [0m
  [1m[35mSQL (0.2ms)[0m  INSERT INTO "schema_migrations" ("version") VALUES (?)  [["version", "20160314211040"]]
  [1m[36m (6.0ms)[0m  [1mcommit transaction[0m
  [1m[35mActiveRecord::SchemaMigration Load (0.1ms)[0m  SELECT "schema_migrations".* FROM "schema_migrations"
  [1m[36m (0.1ms)[0m  [1m            SELECT sql
            FROM sqlite_master
            WHERE name='index_users_on_confirmation_token' AND type='index'
            UNION ALL
            SELECT sql
            FROM sqlite_temp_master
            WHERE name='index_users_on_confirmation_token' AND type='index'
[0m
  [1m[35m (0.1ms)[0m              SELECT sql
            FROM sqlite_master
            WHERE name='index_users_on_reset_password_token' AND type='index'
            UNION ALL
            SELECT sql
            FROM sqlite_temp_master
            WHERE name='index_users_on_reset_password_token' AND type='index'

  [1m[36m (0.2ms)[0m  [1m            SELECT sql
            FROM sqlite_master
            WHERE name='index_users_on_email' AND type='index'
            UNION ALL
            SELECT sql
            FROM sqlite_temp_master
            WHERE name='index_users_on_email' AND type='index'
[0m


Started GET "/admin/dashboard/index" for ::1 at 2016-03-15 02:40:56 +0530
  [1m[36mActiveRecord::SchemaMigration Load (0.1ms)[0m  [1mSELECT "schema_migrations".* FROM "schema_migrations"[0m
Processing by Admin::DashboardController#index as HTML
  [1m[35mUser Load (0.2ms)[0m  SELECT  "users".* FROM "users" WHERE "users"."id" = ?  ORDER BY "users"."id" ASC LIMIT 1  [["id", 1]]
  Rendered admin/dashboard/_notification_boxes.html.erb (0.1ms)
  Rendered admin/dashboard/_area_chart.html.erb (0.1ms)
  Rendered admin/dashboard/_bar_chart.html.erb (0.1ms)
  Rendered admin/dashboard/_responsive_timeline.html.erb (0.0ms)
  Rendered admin/dashboard/_notifications_panel.html.erb (0.0ms)
  Rendered admin/dashboard/_donut_chart.html.erb (0.0ms)
  Rendered admin/dashboard/_chat_panel.html.erb (0.0ms)
  Rendered admin/dashboard/index.html.erb within layouts/application (10.7ms)
  Rendered admin/dashboard/_top_nav.html.erb (0.2ms)
  Rendered admin/dashboard/_sidebar_nav.html.erb (0.1ms)
Completed 200 OK in 373ms (Views: 358.2ms | ActiveRecord: 0.6ms)


Started GET "/assets/font-awesome.self-c1a7a80b6536c3397a1a212c9bd22298ae69260ee343d00b60d7f41fa54a59a8.css?body=1" for ::1 at 2016-03-15 02:40:57 +0530


Started GET "/assets/animate.self-fea0ded26e143f826bc21f4dd76856675b5d1f31eb180436449a03e52401c21b.css?body=1" for ::1 at 2016-03-15 02:40:57 +0530


Started GET "/assets/scaffolds.self-06dbf4d07f65246579e3ad36541189a3e8e96aafb5f46b884418528a7e95cde5.css?body=1" for ::1 at 2016-03-15 02:40:57 +0530


Started GET "/assets/dashboard.self-e3b0c44298fc1c149afbf4c8996fb92427ae41e4649b934ca495991b7852b855.css?body=1" for ::1 at 2016-03-15 02:40:57 +0530


Started GET "/assets/accounts.self-e3b0c44298fc1c149afbf4c8996fb92427ae41e4649b934ca495991b7852b855.css?body=1" for ::1 at 2016-03-15 02:40:57 +0530


Started GET "/assets/bootstrap.min.self-2c354d7c0179bd35563b93633b23ac5fb07c67d531d40a75695bacbd0eadb799.css?body=1" for ::1 at 2016-03-15 02:40:57 +0530


Started GET "/assets/morris.self-b331eeb1aa336d072d4e7e055fede5e44d00e73a31cfbfa77b87ebf0d816265c.css?body=1" for ::1 at 2016-03-15 02:40:57 +0530


Started GET "/assets/metisMenu.min.self-39a68158cd09f5740df90344edf98bf0dec5b8b07d6f8c5e1faed3f2bbf208f2.css?body=1" for ::1 at 2016-03-15 02:40:57 +0530


Started GET "/assets/sb-admin-2.self-055f6b9d2e9470a891a22528a00ee5ff5dda5448b62545a752437043d6477c56.css?body=1" for ::1 at 2016-03-15 02:40:57 +0530


Started GET "/assets/timeline.self-adcf4ac8978841626cabd1a65b1ae2b0419a1ddb13083a5aa5959a60bef9cfb5.css?body=1" for ::1 at 2016-03-15 02:40:57 +0530


Started GET "/assets/users.self-e3b0c44298fc1c149afbf4c8996fb92427ae41e4649b934ca495991b7852b855.css?body=1" for ::1 at 2016-03-15 02:40:57 +0530


Started GET "/assets/welcome.self-e3b0c44298fc1c149afbf4c8996fb92427ae41e4649b934ca495991b7852b855.css?body=1" for ::1 at 2016-03-15 02:40:57 +0530


Started GET "/assets/application.self-2f5082505d5fad7e2ca188d9795feb9983caf3a4ef3f5e2a589578f9546e7d1a.css?body=1" for ::1 at 2016-03-15 02:40:57 +0530


Started GET "/assets/jquery.self-c64a74367bda6ef8b860f19e74df08927ca99d2be2ac934e9e92d5fd361e0da4.js?body=1" for ::1 at 2016-03-15 02:40:57 +0530


Started GET "/assets/jquery_ujs.self-d602bdfe68ffc63b9f9cc512872aa3cfff046228a0a36e90dd476e8ef54c1b09.js?body=1" for ::1 at 2016-03-15 02:40:57 +0530


Started GET "/assets/bootstrap-notify.self-1db3a961b9727066bdbf8f0e2c50022c00ffb9fbc9c7d22c29c5d4e3f4c922c3.js?body=1" for ::1 at 2016-03-15 02:40:57 +0530


Started GET "/assets/turbolinks.self-c37727e9bd6b2735da5c311aa83fead54ed0be6cc8bd9a65309e9c5abe2cbfff.js?body=1" for ::1 at 2016-03-15 02:40:57 +0530


Started GET "/assets/accounts.self-877aef30ae1b040ab8a3aba4e3e309a11d7f2612f44dde450b5c157aa5f95c05.js?body=1" for ::1 at 2016-03-15 02:40:57 +0530


Started GET "/assets/bootstrap.min.self-d66e555f160df017adf1ca16a36cd609a36d49c51637e365c5b8847d0065fa40.js?body=1" for ::1 at 2016-03-15 02:40:57 +0530


Started GET "/assets/dashboard.self-877aef30ae1b040ab8a3aba4e3e309a11d7f2612f44dde450b5c157aa5f95c05.js?body=1" for ::1 at 2016-03-15 02:40:57 +0530


Started GET "/assets/flot-data.self-331b2c3fcf4c137e4b8bf2e6b520c71963ca035c9caddc345e82dbaffea1fe67.js?body=1" for ::1 at 2016-03-15 02:40:57 +0530


Started GET "/assets/jquery.flot.self-c14ce1ecd2ce4c63225ea890baab32a8844dc3a9934549b5e9eb1161587a5ec6.js?body=1" for ::1 at 2016-03-15 02:40:57 +0530


Started GET "/assets/metisMenu.min.self-0db38256c73148671fb4a78e415b3cc67983c7ee20fdb697fcf4505c673c567d.js?body=1" for ::1 at 2016-03-15 02:40:57 +0530


Started GET "/assets/morris-data.self-56aaab5855e4cdbab1ef20ddfc4589d9c9badee04e7599ec74f8d5670526dc12.js?body=1" for ::1 at 2016-03-15 02:40:57 +0530


Started GET "/assets/morris.min.self-4af92d7906a27d9873d17376c88128564082ab7acc6e7055d61bd398db3c0276.js?body=1" for ::1 at 2016-03-15 02:40:57 +0530


Started GET "/assets/raphael-min.self-941b13323aa7867e65545caa1f27a7cb2e1b6a7346826fb2701e600a7f9fe885.js?body=1" for ::1 at 2016-03-15 02:40:57 +0530


Started GET "/assets/sb-admin-2.self-56bd6a6e5b0d37d83b0261b8de91fb454a750a4641c24bdc62f1bc5d860acb39.js?body=1" for ::1 at 2016-03-15 02:40:57 +0530


Started GET "/assets/users.self-877aef30ae1b040ab8a3aba4e3e309a11d7f2612f44dde450b5c157aa5f95c05.js?body=1" for ::1 at 2016-03-15 02:40:57 +0530


Started GET "/assets/welcome.self-877aef30ae1b040ab8a3aba4e3e309a11d7f2612f44dde450b5c157aa5f95c05.js?body=1" for ::1 at 2016-03-15 02:40:57 +0530


Started GET "/assets/application.self-f8806224e027f3e3f0138ea9ce99319e298dfdb323304d1f1be6eae8e8c74724.js?body=1" for ::1 at 2016-03-15 02:40:57 +0530


Started GET "/accounts" for ::1 at 2016-03-15 02:41:08 +0530
Processing by AccountsController#index as HTML
  [1m[36mAccount Load (0.2ms)[0m  [1mSELECT "accounts".* FROM "accounts"[0m
  Rendered accounts/index.html.erb within layouts/application (2.0ms)
  [1m[35mUser Load (0.2ms)[0m  SELECT  "users".* FROM "users" WHERE "users"."id" = ?  ORDER BY "users"."id" ASC LIMIT 1  [["id", 1]]
Completed 500 Internal Server Error in 80ms (ActiveRecord: 0.5ms)

ActionView::Template::Error (Missing partial accounts/_top_nav, application/_top_nav with {:locale=>[:en], :formats=>[:html], :variants=>[], :handlers=>[:erb, :builder, :raw, :ruby, :coffee, :jbuilder]}. Searched in:
  * "/Users/apple/Desktop/sb-admin-2-rails-ready/app/views"
  * "/Users/apple/.rbenv/versions/2.2.3/lib/ruby/gems/2.2.0/gems/devise-3.5.6/app/views"
):
    60:           </div>
    61:           <%if current_user.role == "admin"%>
    62:           <!-- /.navbar-header -->
    63:             <%= render 'top_nav' %>
    64:             <%= render 'sidebar_nav' %>
    65:           <%end%>
    66:         </nav>
  app/views/layouts/application.html.erb:63:in `_app_views_layouts_application_html_erb__2526115425981781519_70114267027320'


  Rendered /Users/apple/.rbenv/versions/2.2.3/lib/ruby/gems/2.2.0/gems/actionpack-4.2.1/lib/action_dispatch/middleware/templates/rescues/_source.erb (16.9ms)
  Rendered /Users/apple/.rbenv/versions/2.2.3/lib/ruby/gems/2.2.0/gems/actionpack-4.2.1/lib/action_dispatch/middleware/templates/rescues/_trace.html.erb (3.5ms)
  Rendered /Users/apple/.rbenv/versions/2.2.3/lib/ruby/gems/2.2.0/gems/actionpack-4.2.1/lib/action_dispatch/middleware/templates/rescues/_request_and_response.html.erb (1.0ms)
  Rendered /Users/apple/.rbenv/versions/2.2.3/lib/ruby/gems/2.2.0/gems/actionpack-4.2.1/lib/action_dispatch/middleware/templates/rescues/template_error.html.erb within rescues/layout (92.4ms)
  Rendered /Users/apple/.rbenv/versions/2.2.3/lib/ruby/gems/2.2.0/gems/web-console-2.3.0/lib/web_console/templates/_markup.html.erb (0.6ms)
  Rendered /Users/apple/.rbenv/versions/2.2.3/lib/ruby/gems/2.2.0/gems/web-console-2.3.0/lib/web_console/templates/_inner_console_markup.html.erb within layouts/inlined_string (0.5ms)
  Rendered /Users/apple/.rbenv/versions/2.2.3/lib/ruby/gems/2.2.0/gems/web-console-2.3.0/lib/web_console/templates/_prompt_box_markup.html.erb within layouts/inlined_string (0.5ms)
  Rendered /Users/apple/.rbenv/versions/2.2.3/lib/ruby/gems/2.2.0/gems/web-console-2.3.0/lib/web_console/templates/style.css.erb within layouts/inlined_string (0.4ms)
  Rendered /Users/apple/.rbenv/versions/2.2.3/lib/ruby/gems/2.2.0/gems/web-console-2.3.0/lib/web_console/templates/console.js.erb within layouts/javascript (71.2ms)
  Rendered /Users/apple/.rbenv/versions/2.2.3/lib/ruby/gems/2.2.0/gems/web-console-2.3.0/lib/web_console/templates/main.js.erb within layouts/javascript (0.4ms)
  Rendered /Users/apple/.rbenv/versions/2.2.3/lib/ruby/gems/2.2.0/gems/web-console-2.3.0/lib/web_console/templates/error_page.js.erb within layouts/javascript (0.4ms)
  Rendered /Users/apple/.rbenv/versions/2.2.3/lib/ruby/gems/2.2.0/gems/web-console-2.3.0/lib/web_console/templates/index.html.erb (151.5ms)


Started GET "/accounts" for ::1 at 2016-03-15 02:48:07 +0530
Processing by AccountsController#index as HTML
  [1m[36mAccount Load (0.4ms)[0m  [1mSELECT "accounts".* FROM "accounts"[0m
  Rendered accounts/index.html.erb within layouts/application (1.1ms)
  [1m[35mUser Load (0.2ms)[0m  SELECT  "users".* FROM "users" WHERE "users"."id" = ?  ORDER BY "users"."id" ASC LIMIT 1  [["id", 1]]
Completed 200 OK in 56ms (Views: 54.4ms | ActiveRecord: 0.6ms)


Started GET "/assets/font-awesome.self-c1a7a80b6536c3397a1a212c9bd22298ae69260ee343d00b60d7f41fa54a59a8.css?body=1" for ::1 at 2016-03-15 02:48:07 +0530


Started GET "/assets/accounts.self-e3b0c44298fc1c149afbf4c8996fb92427ae41e4649b934ca495991b7852b855.css?body=1" for ::1 at 2016-03-15 02:48:07 +0530


Started GET "/assets/animate.self-fea0ded26e143f826bc21f4dd76856675b5d1f31eb180436449a03e52401c21b.css?body=1" for ::1 at 2016-03-15 02:48:07 +0530


Started GET "/assets/dashboard.self-e3b0c44298fc1c149afbf4c8996fb92427ae41e4649b934ca495991b7852b855.css?body=1" for ::1 at 2016-03-15 02:48:07 +0530


Started GET "/assets/bootstrap.min.self-2c354d7c0179bd35563b93633b23ac5fb07c67d531d40a75695bacbd0eadb799.css?body=1" for ::1 at 2016-03-15 02:48:07 +0530


Started GET "/assets/metisMenu.min.self-39a68158cd09f5740df90344edf98bf0dec5b8b07d6f8c5e1faed3f2bbf208f2.css?body=1" for ::1 at 2016-03-15 02:48:07 +0530


Started GET "/assets/timeline.self-adcf4ac8978841626cabd1a65b1ae2b0419a1ddb13083a5aa5959a60bef9cfb5.css?body=1" for ::1 at 2016-03-15 02:48:07 +0530


Started GET "/assets/scaffolds.self-06dbf4d07f65246579e3ad36541189a3e8e96aafb5f46b884418528a7e95cde5.css?body=1" for ::1 at 2016-03-15 02:48:07 +0530


Started GET "/assets/users.self-e3b0c44298fc1c149afbf4c8996fb92427ae41e4649b934ca495991b7852b855.css?body=1" for ::1 at 2016-03-15 02:48:07 +0530


Started GET "/assets/welcome.self-e3b0c44298fc1c149afbf4c8996fb92427ae41e4649b934ca495991b7852b855.css?body=1" for ::1 at 2016-03-15 02:48:07 +0530


Started GET "/assets/sb-admin-2.self-055f6b9d2e9470a891a22528a00ee5ff5dda5448b62545a752437043d6477c56.css?body=1" for ::1 at 2016-03-15 02:48:07 +0530


Started GET "/assets/application.self-2f5082505d5fad7e2ca188d9795feb9983caf3a4ef3f5e2a589578f9546e7d1a.css?body=1" for ::1 at 2016-03-15 02:48:07 +0530


Started GET "/assets/jquery.self-c64a74367bda6ef8b860f19e74df08927ca99d2be2ac934e9e92d5fd361e0da4.js?body=1" for ::1 at 2016-03-15 02:48:07 +0530


Started GET "/assets/morris.self-b331eeb1aa336d072d4e7e055fede5e44d00e73a31cfbfa77b87ebf0d816265c.css?body=1" for ::1 at 2016-03-15 02:48:07 +0530


Started GET "/assets/jquery_ujs.self-d602bdfe68ffc63b9f9cc512872aa3cfff046228a0a36e90dd476e8ef54c1b09.js?body=1" for ::1 at 2016-03-15 02:48:07 +0530


Started GET "/assets/bootstrap-notify.self-1db3a961b9727066bdbf8f0e2c50022c00ffb9fbc9c7d22c29c5d4e3f4c922c3.js?body=1" for ::1 at 2016-03-15 02:48:07 +0530


Started GET "/assets/turbolinks.self-c37727e9bd6b2735da5c311aa83fead54ed0be6cc8bd9a65309e9c5abe2cbfff.js?body=1" for ::1 at 2016-03-15 02:48:07 +0530


Started GET "/assets/bootstrap.min.self-d66e555f160df017adf1ca16a36cd609a36d49c51637e365c5b8847d0065fa40.js?body=1" for ::1 at 2016-03-15 02:48:07 +0530


Started GET "/assets/dashboard.self-877aef30ae1b040ab8a3aba4e3e309a11d7f2612f44dde450b5c157aa5f95c05.js?body=1" for ::1 at 2016-03-15 02:48:07 +0530


Started GET "/assets/flot-data.self-331b2c3fcf4c137e4b8bf2e6b520c71963ca035c9caddc345e82dbaffea1fe67.js?body=1" for ::1 at 2016-03-15 02:48:07 +0530


Started GET "/assets/jquery.flot.self-c14ce1ecd2ce4c63225ea890baab32a8844dc3a9934549b5e9eb1161587a5ec6.js?body=1" for ::1 at 2016-03-15 02:48:07 +0530


Started GET "/assets/accounts.self-877aef30ae1b040ab8a3aba4e3e309a11d7f2612f44dde450b5c157aa5f95c05.js?body=1" for ::1 at 2016-03-15 02:48:07 +0530


Started GET "/assets/morris-data.self-56aaab5855e4cdbab1ef20ddfc4589d9c9badee04e7599ec74f8d5670526dc12.js?body=1" for ::1 at 2016-03-15 02:48:07 +0530


Started GET "/assets/metisMenu.min.self-0db38256c73148671fb4a78e415b3cc67983c7ee20fdb697fcf4505c673c567d.js?body=1" for ::1 at 2016-03-15 02:48:07 +0530


Started GET "/assets/morris.min.self-4af92d7906a27d9873d17376c88128564082ab7acc6e7055d61bd398db3c0276.js?body=1" for ::1 at 2016-03-15 02:48:07 +0530


Started GET "/assets/raphael-min.self-941b13323aa7867e65545caa1f27a7cb2e1b6a7346826fb2701e600a7f9fe885.js?body=1" for ::1 at 2016-03-15 02:48:07 +0530


Started GET "/assets/sb-admin-2.self-56bd6a6e5b0d37d83b0261b8de91fb454a750a4641c24bdc62f1bc5d860acb39.js?body=1" for ::1 at 2016-03-15 02:48:07 +0530


Started GET "/assets/welcome.self-877aef30ae1b040ab8a3aba4e3e309a11d7f2612f44dde450b5c157aa5f95c05.js?body=1" for ::1 at 2016-03-15 02:48:07 +0530


Started GET "/assets/users.self-877aef30ae1b040ab8a3aba4e3e309a11d7f2612f44dde450b5c157aa5f95c05.js?body=1" for ::1 at 2016-03-15 02:48:07 +0530


Started GET "/assets/application.self-f8806224e027f3e3f0138ea9ce99319e298dfdb323304d1f1be6eae8e8c74724.js?body=1" for ::1 at 2016-03-15 02:48:07 +0530


Started GET "/accounts/new" for ::1 at 2016-03-15 02:48:14 +0530
Processing by AccountsController#new as HTML
  Rendered accounts/_form.html.erb (41.3ms)
  Rendered accounts/new.html.erb within layouts/application (44.2ms)
  [1m[36mUser Load (0.2ms)[0m  [1mSELECT  "users".* FROM "users" WHERE "users"."id" = ?  ORDER BY "users"."id" ASC LIMIT 1[0m  [["id", 1]]
Completed 200 OK in 119ms (Views: 104.5ms | ActiveRecord: 0.4ms)


Started GET "/accounts" for ::1 at 2016-03-15 02:48:37 +0530
Processing by AccountsController#index as HTML
  [1m[35mAccount Load (0.2ms)[0m  SELECT "accounts".* FROM "accounts"
  Rendered accounts/index.html.erb within layouts/application (1.0ms)
  [1m[36mUser Load (0.3ms)[0m  [1mSELECT  "users".* FROM "users" WHERE "users"."id" = ?  ORDER BY "users"."id" ASC LIMIT 1[0m  [["id", 1]]
Completed 500 Internal Server Error in 81ms (ActiveRecord: 0.4ms)

ActionView::Template::Error (Missing partial accounts/_top_nav, application/_top_nav with {:locale=>[:en], :formats=>[:html], :variants=>[], :handlers=>[:erb, :builder, :raw, :ruby, :coffee, :jbuilder]}. Searched in:
  * "/Users/apple/Desktop/sb-admin-2-rails-ready/app/views"
  * "/Users/apple/.rbenv/versions/2.2.3/lib/ruby/gems/2.2.0/gems/devise-3.5.6/app/views"
):
    60:           </div>
    61:           <%if current_user.role == "admin"%>
    62:           <!-- /.navbar-header -->
    63:             <%= render 'top_nav' %> 
    64:             <%= render 'sidebar_nav' %>
    65:           <%end%>
    66:         </nav>
  app/views/layouts/application.html.erb:63:in `_app_views_layouts_application_html_erb__2526115425981781519_70114289484700'


  Rendered /Users/apple/.rbenv/versions/2.2.3/lib/ruby/gems/2.2.0/gems/actionpack-4.2.1/lib/action_dispatch/middleware/templates/rescues/_source.erb (7.4ms)
  Rendered /Users/apple/.rbenv/versions/2.2.3/lib/ruby/gems/2.2.0/gems/actionpack-4.2.1/lib/action_dispatch/middleware/templates/rescues/_trace.html.erb (3.1ms)
  Rendered /Users/apple/.rbenv/versions/2.2.3/lib/ruby/gems/2.2.0/gems/actionpack-4.2.1/lib/action_dispatch/middleware/templates/rescues/_request_and_response.html.erb (1.0ms)
  Rendered /Users/apple/.rbenv/versions/2.2.3/lib/ruby/gems/2.2.0/gems/actionpack-4.2.1/lib/action_dispatch/middleware/templates/rescues/template_error.html.erb within rescues/layout (73.9ms)
  Rendered /Users/apple/.rbenv/versions/2.2.3/lib/ruby/gems/2.2.0/gems/web-console-2.3.0/lib/web_console/templates/_markup.html.erb (0.4ms)
  Rendered /Users/apple/.rbenv/versions/2.2.3/lib/ruby/gems/2.2.0/gems/web-console-2.3.0/lib/web_console/templates/_inner_console_markup.html.erb within layouts/inlined_string (0.4ms)
  Rendered /Users/apple/.rbenv/versions/2.2.3/lib/ruby/gems/2.2.0/gems/web-console-2.3.0/lib/web_console/templates/_prompt_box_markup.html.erb within layouts/inlined_string (0.3ms)
  Rendered /Users/apple/.rbenv/versions/2.2.3/lib/ruby/gems/2.2.0/gems/web-console-2.3.0/lib/web_console/templates/style.css.erb within layouts/inlined_string (0.5ms)
  Rendered /Users/apple/.rbenv/versions/2.2.3/lib/ruby/gems/2.2.0/gems/web-console-2.3.0/lib/web_console/templates/console.js.erb within layouts/javascript (67.1ms)
  Rendered /Users/apple/.rbenv/versions/2.2.3/lib/ruby/gems/2.2.0/gems/web-console-2.3.0/lib/web_console/templates/main.js.erb within layouts/javascript (0.4ms)
  Rendered /Users/apple/.rbenv/versions/2.2.3/lib/ruby/gems/2.2.0/gems/web-console-2.3.0/lib/web_console/templates/error_page.js.erb within layouts/javascript (0.5ms)
  Rendered /Users/apple/.rbenv/versions/2.2.3/lib/ruby/gems/2.2.0/gems/web-console-2.3.0/lib/web_console/templates/index.html.erb (146.4ms)


Started GET "/accounts" for ::1 at 2016-03-15 02:54:48 +0530
Processing by AccountsController#index as HTML
  [1m[35mAccount Load (0.2ms)[0m  SELECT "accounts".* FROM "accounts"
  Rendered accounts/index.html.erb within layouts/application (5.2ms)
Completed 500 Internal Server Error in 13ms (ActiveRecord: 0.2ms)

SyntaxError (/Users/apple/Desktop/sb-admin-2-rails-ready/app/views/layouts/application.html.erb:64: syntax error, unexpected tIDENTIFIER, expecting ')'
...r.append=( #render 'sidebar_nav' );@output_buffer.safe_appen...
...                               ^
/Users/apple/Desktop/sb-admin-2-rails-ready/app/views/layouts/application.html.erb:69: unknown regexp options - dv
/Users/apple/Desktop/sb-admin-2-rails-ready/app/views/layouts/application.html.erb:70: syntax error, unexpected '<'
  </body>
   ^
/Users/apple/Desktop/sb-admin-2-rails-ready/app/views/layouts/application.html.erb:72: unknown regexp options - htl
/Users/apple/Desktop/sb-admin-2-rails-ready/app/views/layouts/application.html.erb:73: unterminated string meets end of file
/Users/apple/Desktop/sb-admin-2-rails-ready/app/views/layouts/application.html.erb:73: syntax error, unexpected end-of-input, expecting ')'):
  app/views/layouts/application.html.erb:64: syntax error, unexpected tIDENTIFIER, expecting ')'
  app/views/layouts/application.html.erb:69: unknown regexp options - dv
  app/views/layouts/application.html.erb:70: syntax error, unexpected '<'
  app/views/layouts/application.html.erb:72: unknown regexp options - htl
  app/views/layouts/application.html.erb:73: unterminated string meets end of file
  app/views/layouts/application.html.erb:73: syntax error, unexpected end-of-input, expecting ')'


  Rendered /Users/apple/.rbenv/versions/2.2.3/lib/ruby/gems/2.2.0/gems/actionpack-4.2.1/lib/action_dispatch/middleware/templates/rescues/_source.erb (8.2ms)
  Rendered /Users/apple/.rbenv/versions/2.2.3/lib/ruby/gems/2.2.0/gems/actionpack-4.2.1/lib/action_dispatch/middleware/templates/rescues/_trace.html.erb (3.3ms)
  Rendered /Users/apple/.rbenv/versions/2.2.3/lib/ruby/gems/2.2.0/gems/actionpack-4.2.1/lib/action_dispatch/middleware/templates/rescues/_request_and_response.html.erb (1.1ms)
  Rendered /Users/apple/.rbenv/versions/2.2.3/lib/ruby/gems/2.2.0/gems/actionpack-4.2.1/lib/action_dispatch/middleware/templates/rescues/diagnostics.html.erb within rescues/layout (83.9ms)
  Rendered /Users/apple/.rbenv/versions/2.2.3/lib/ruby/gems/2.2.0/gems/web-console-2.3.0/lib/web_console/templates/_markup.html.erb (0.5ms)
  Rendered /Users/apple/.rbenv/versions/2.2.3/lib/ruby/gems/2.2.0/gems/web-console-2.3.0/lib/web_console/templates/_inner_console_markup.html.erb within layouts/inlined_string (0.3ms)
  Rendered /Users/apple/.rbenv/versions/2.2.3/lib/ruby/gems/2.2.0/gems/web-console-2.3.0/lib/web_console/templates/_prompt_box_markup.html.erb within layouts/inlined_string (0.4ms)
  Rendered /Users/apple/.rbenv/versions/2.2.3/lib/ruby/gems/2.2.0/gems/web-console-2.3.0/lib/web_console/templates/style.css.erb within layouts/inlined_string (0.7ms)
  Rendered /Users/apple/.rbenv/versions/2.2.3/lib/ruby/gems/2.2.0/gems/web-console-2.3.0/lib/web_console/templates/console.js.erb within layouts/javascript (67.5ms)
  Rendered /Users/apple/.rbenv/versions/2.2.3/lib/ruby/gems/2.2.0/gems/web-console-2.3.0/lib/web_console/templates/main.js.erb within layouts/javascript (0.4ms)
  Rendered /Users/apple/.rbenv/versions/2.2.3/lib/ruby/gems/2.2.0/gems/web-console-2.3.0/lib/web_console/templates/error_page.js.erb within layouts/javascript (0.5ms)
  Rendered /Users/apple/.rbenv/versions/2.2.3/lib/ruby/gems/2.2.0/gems/web-console-2.3.0/lib/web_console/templates/index.html.erb (154.9ms)


Started GET "/accounts" for ::1 at 2016-03-15 02:55:05 +0530
Processing by AccountsController#index as HTML
  [1m[36mAccount Load (0.2ms)[0m  [1mSELECT "accounts".* FROM "accounts"[0m
  Rendered accounts/index.html.erb within layouts/application (3.5ms)
Completed 500 Internal Server Error in 102ms (ActiveRecord: 0.2ms)

ActionView::Template::Error (couldn't find file 'twitter-bootstrap-static/bootstrap' with type 'text/css'):
    11: 
    12:     <title>SB Admin 2 - Bootstrap Admin Theme</title>
    13: 
    14:     <%= stylesheet_link_tag    'application', media: 'all'%>
    15:     <%= javascript_include_tag 'application'%>
    16:     <%= csrf_meta_tags %>
    17: 
  app/assets/stylesheets/bootstrap_and_overrides.css:2
  app/views/layouts/application.html.erb:14:in `_app_views_layouts_application_html_erb__2526115425981781519_70114290913960'


  Rendered /Users/apple/.rbenv/versions/2.2.3/lib/ruby/gems/2.2.0/gems/actionpack-4.2.1/lib/action_dispatch/middleware/templates/rescues/_source.erb (9.8ms)
  Rendered /Users/apple/.rbenv/versions/2.2.3/lib/ruby/gems/2.2.0/gems/actionpack-4.2.1/lib/action_dispatch/middleware/templates/rescues/_trace.html.erb (4.0ms)
  Rendered /Users/apple/.rbenv/versions/2.2.3/lib/ruby/gems/2.2.0/gems/actionpack-4.2.1/lib/action_dispatch/middleware/templates/rescues/_request_and_response.html.erb (1.1ms)
  Rendered /Users/apple/.rbenv/versions/2.2.3/lib/ruby/gems/2.2.0/gems/actionpack-4.2.1/lib/action_dispatch/middleware/templates/rescues/template_error.html.erb within rescues/layout (87.4ms)
  Rendered /Users/apple/.rbenv/versions/2.2.3/lib/ruby/gems/2.2.0/gems/web-console-2.3.0/lib/web_console/templates/_markup.html.erb (0.6ms)
  Rendered /Users/apple/.rbenv/versions/2.2.3/lib/ruby/gems/2.2.0/gems/web-console-2.3.0/lib/web_console/templates/_inner_console_markup.html.erb within layouts/inlined_string (0.5ms)
  Rendered /Users/apple/.rbenv/versions/2.2.3/lib/ruby/gems/2.2.0/gems/web-console-2.3.0/lib/web_console/templates/_prompt_box_markup.html.erb within layouts/inlined_string (0.5ms)
  Rendered /Users/apple/.rbenv/versions/2.2.3/lib/ruby/gems/2.2.0/gems/web-console-2.3.0/lib/web_console/templates/style.css.erb within layouts/inlined_string (0.4ms)
  Rendered /Users/apple/.rbenv/versions/2.2.3/lib/ruby/gems/2.2.0/gems/web-console-2.3.0/lib/web_console/templates/console.js.erb within layouts/javascript (68.9ms)
  Rendered /Users/apple/.rbenv/versions/2.2.3/lib/ruby/gems/2.2.0/gems/web-console-2.3.0/lib/web_console/templates/main.js.erb within layouts/javascript (0.4ms)
  Rendered /Users/apple/.rbenv/versions/2.2.3/lib/ruby/gems/2.2.0/gems/web-console-2.3.0/lib/web_console/templates/error_page.js.erb within layouts/javascript (0.5ms)
  Rendered /Users/apple/.rbenv/versions/2.2.3/lib/ruby/gems/2.2.0/gems/web-console-2.3.0/lib/web_console/templates/index.html.erb (156.5ms)


Started GET "/accounts" for ::1 at 2016-03-15 02:58:25 +0530
  [1m[36mActiveRecord::SchemaMigration Load (0.2ms)[0m  [1mSELECT "schema_migrations".* FROM "schema_migrations"[0m
Processing by AccountsController#index as HTML
  [1m[35mAccount Load (0.2ms)[0m  SELECT "accounts".* FROM "accounts"
  Rendered accounts/index.html.erb within layouts/application (16.4ms)
  [1m[36mUser Load (0.2ms)[0m  [1mSELECT  "users".* FROM "users" WHERE "users"."id" = ?  ORDER BY "users"."id" ASC LIMIT 1[0m  [["id", 1]]
Completed 200 OK in 1836ms (Views: 1821.7ms | ActiveRecord: 1.3ms)


Started GET "/assets/font-awesome.self-549fc40fdc4a24db7d7083d4da9b092dc9758df961f1999e2a976cac1253b42d.css?body=1" for ::1 at 2016-03-15 02:58:27 +0530


Started GET "/assets/animate.self-fea0ded26e143f826bc21f4dd76856675b5d1f31eb180436449a03e52401c21b.css?body=1" for ::1 at 2016-03-15 02:58:27 +0530


Started GET "/assets/accounts.self-e3b0c44298fc1c149afbf4c8996fb92427ae41e4649b934ca495991b7852b855.css?body=1" for ::1 at 2016-03-15 02:58:27 +0530


Started GET "/assets/bootstrap.min.self-2c354d7c0179bd35563b93633b23ac5fb07c67d531d40a75695bacbd0eadb799.css?body=1" for ::1 at 2016-03-15 02:58:27 +0530


Started GET "/assets/metisMenu.min.self-39a68158cd09f5740df90344edf98bf0dec5b8b07d6f8c5e1faed3f2bbf208f2.css?body=1" for ::1 at 2016-03-15 02:58:27 +0530


Started GET "/assets/dashboard.self-e3b0c44298fc1c149afbf4c8996fb92427ae41e4649b934ca495991b7852b855.css?body=1" for ::1 at 2016-03-15 02:58:27 +0530


Started GET "/assets/twitter-bootstrap-static/fontawesome.self-2fe4f8a61d73606fbcb036b41f380591906a4da65a9eb5ec0a210fe6980b2ca7.css?body=1" for ::1 at 2016-03-15 02:58:27 +0530


Started GET "/assets/twitter-bootstrap-static/bootstrap.self-603f330c29af013305325569c8c75d03d688963abd8cde4fffec17b5ce417bfb.css?body=1" for ::1 at 2016-03-15 02:58:27 +0530


Started GET "/assets/morris.self-b331eeb1aa336d072d4e7e055fede5e44d00e73a31cfbfa77b87ebf0d816265c.css?body=1" for ::1 at 2016-03-15 02:58:27 +0530


Started GET "/assets/sb-admin-2.self-055f6b9d2e9470a891a22528a00ee5ff5dda5448b62545a752437043d6477c56.css?body=1" for ::1 at 2016-03-15 02:58:27 +0530


Started GET "/assets/bootstrap_and_overrides.self-2cb3834583dfbaf0a39c7139750bf963e05d79cbe811126997e013400be5d8dc.css?body=1" for ::1 at 2016-03-15 02:58:27 +0530


Started GET "/assets/scaffolds.self-06dbf4d07f65246579e3ad36541189a3e8e96aafb5f46b884418528a7e95cde5.css?body=1" for ::1 at 2016-03-15 02:58:27 +0530


Started GET "/assets/timeline.self-adcf4ac8978841626cabd1a65b1ae2b0419a1ddb13083a5aa5959a60bef9cfb5.css?body=1" for ::1 at 2016-03-15 02:58:27 +0530


Started GET "/assets/welcome.self-e3b0c44298fc1c149afbf4c8996fb92427ae41e4649b934ca495991b7852b855.css?body=1" for ::1 at 2016-03-15 02:58:27 +0530


Started GET "/assets/users.self-e3b0c44298fc1c149afbf4c8996fb92427ae41e4649b934ca495991b7852b855.css?body=1" for ::1 at 2016-03-15 02:58:27 +0530


Started GET "/assets/application.self-2f5082505d5fad7e2ca188d9795feb9983caf3a4ef3f5e2a589578f9546e7d1a.css?body=1" for ::1 at 2016-03-15 02:58:27 +0530


Started GET "/assets/jquery.self-c64a74367bda6ef8b860f19e74df08927ca99d2be2ac934e9e92d5fd361e0da4.js?body=1" for ::1 at 2016-03-15 02:58:27 +0530


Started GET "/assets/jquery_ujs.self-d602bdfe68ffc63b9f9cc512872aa3cfff046228a0a36e90dd476e8ef54c1b09.js?body=1" for ::1 at 2016-03-15 02:58:27 +0530


Started GET "/assets/twitter/bootstrap/transition.self-09ff30b1e8a93d1f7728b9855f55d9c9d8d5734c8861e0d8139994e50944572a.js?body=1" for ::1 at 2016-03-15 02:58:27 +0530


Started GET "/assets/twitter/bootstrap/alert.self-a29e91e8cd3ddaba9bbc466901d53ec2127e9256b9b941905d525a3a716bd1a5.js?body=1" for ::1 at 2016-03-15 02:58:27 +0530


Started GET "/assets/twitter/bootstrap/modal.self-72f95ffa1071297725a9ac91989693d56d1abf23f441a47455073b0da2857a5b.js?body=1" for ::1 at 2016-03-15 02:58:27 +0530


Started GET "/assets/twitter/bootstrap/dropdown.self-9314126777c6be5443e37ea7f7967d7914d72b3e60449ba50edc967446373059.js?body=1" for ::1 at 2016-03-15 02:58:27 +0530


Started GET "/assets/twitter/bootstrap/tab.self-122235057fbd4c6c7da377d59dc58f47b44cb1088a2e38e6ee6ce9d8ac29a26a.js?body=1" for ::1 at 2016-03-15 02:58:27 +0530


Started GET "/assets/twitter/bootstrap/scrollspy.self-a155b9d4b2f978905f0326c0f6635e1134fe91c6bfbfcbad079fa24a9fef2b0e.js?body=1" for ::1 at 2016-03-15 02:58:28 +0530


Started GET "/assets/twitter/bootstrap/tooltip.self-11cf547be953f25f511cec668f6690473fd97b2f65502e4032f4030999a3f0c3.js?body=1" for ::1 at 2016-03-15 02:58:28 +0530


Started GET "/assets/twitter/bootstrap/button.self-a6cb16785434acb365ae426aef9f1fce05ed553cae7a965e4471c3da71509175.js?body=1" for ::1 at 2016-03-15 02:58:28 +0530


Started GET "/assets/twitter/bootstrap/popover.self-77d8e3a2499c1104ef146396a68b82469ee2bdb365199b874694698d10405e9a.js?body=1" for ::1 at 2016-03-15 02:58:28 +0530


Started GET "/assets/twitter/bootstrap/collapse.self-7dc8bfbc2fbfabd2bad62c58ff8ffeaf8f20fb87c7ca6cd35f06d4dc19632587.js?body=1" for ::1 at 2016-03-15 02:58:28 +0530


Started GET "/assets/twitter/bootstrap/carousel.self-57eb8422043cf0a85b7a9dc6843916eb0a3e35b419c7798a5eb254b918997631.js?body=1" for ::1 at 2016-03-15 02:58:28 +0530


Started GET "/assets/twitter/bootstrap/affix.self-d2b642d8fbfc1d7041e2edefd66683ada567a980789dcd6f94fddda0b33408b5.js?body=1" for ::1 at 2016-03-15 02:58:28 +0530


Started GET "/assets/twitter/bootstrap.self-fbfa5ad7d9aa0afe439ec4ff3883acc4cb92b62cb67c40d674320c9aa1d4642d.js?body=1" for ::1 at 2016-03-15 02:58:28 +0530


Started GET "/assets/bootstrap-notify.self-1db3a961b9727066bdbf8f0e2c50022c00ffb9fbc9c7d22c29c5d4e3f4c922c3.js?body=1" for ::1 at 2016-03-15 02:58:28 +0530


Started GET "/assets/turbolinks.self-c37727e9bd6b2735da5c311aa83fead54ed0be6cc8bd9a65309e9c5abe2cbfff.js?body=1" for ::1 at 2016-03-15 02:58:28 +0530


Started GET "/assets/accounts.self-877aef30ae1b040ab8a3aba4e3e309a11d7f2612f44dde450b5c157aa5f95c05.js?body=1" for ::1 at 2016-03-15 02:58:28 +0530


Started GET "/assets/bootstrap.self-fdc98dee79ee88255e10cac6caa91338165cb76cf0d263744d8d90011fc2ef8f.js?body=1" for ::1 at 2016-03-15 02:58:28 +0530


Started GET "/assets/bootstrap.min.self-d66e555f160df017adf1ca16a36cd609a36d49c51637e365c5b8847d0065fa40.js?body=1" for ::1 at 2016-03-15 02:58:28 +0530


Started GET "/assets/dashboard.self-877aef30ae1b040ab8a3aba4e3e309a11d7f2612f44dde450b5c157aa5f95c05.js?body=1" for ::1 at 2016-03-15 02:58:28 +0530


Started GET "/assets/flot-data.self-331b2c3fcf4c137e4b8bf2e6b520c71963ca035c9caddc345e82dbaffea1fe67.js?body=1" for ::1 at 2016-03-15 02:58:28 +0530


Started GET "/assets/jquery.flot.self-c14ce1ecd2ce4c63225ea890baab32a8844dc3a9934549b5e9eb1161587a5ec6.js?body=1" for ::1 at 2016-03-15 02:58:28 +0530


Started GET "/assets/metisMenu.min.self-0db38256c73148671fb4a78e415b3cc67983c7ee20fdb697fcf4505c673c567d.js?body=1" for ::1 at 2016-03-15 02:58:28 +0530


Started GET "/assets/morris-data.self-56aaab5855e4cdbab1ef20ddfc4589d9c9badee04e7599ec74f8d5670526dc12.js?body=1" for ::1 at 2016-03-15 02:58:28 +0530


Started GET "/assets/morris.min.self-4af92d7906a27d9873d17376c88128564082ab7acc6e7055d61bd398db3c0276.js?body=1" for ::1 at 2016-03-15 02:58:28 +0530


Started GET "/assets/raphael-min.self-941b13323aa7867e65545caa1f27a7cb2e1b6a7346826fb2701e600a7f9fe885.js?body=1" for ::1 at 2016-03-15 02:58:28 +0530


Started GET "/assets/sb-admin-2.self-56bd6a6e5b0d37d83b0261b8de91fb454a750a4641c24bdc62f1bc5d860acb39.js?body=1" for ::1 at 2016-03-15 02:58:28 +0530


Started GET "/assets/users.self-877aef30ae1b040ab8a3aba4e3e309a11d7f2612f44dde450b5c157aa5f95c05.js?body=1" for ::1 at 2016-03-15 02:58:28 +0530


Started GET "/assets/welcome.self-877aef30ae1b040ab8a3aba4e3e309a11d7f2612f44dde450b5c157aa5f95c05.js?body=1" for ::1 at 2016-03-15 02:58:28 +0530


Started GET "/assets/application.self-7862a8a8b42407b4741a1adeeea35f0d13ddc4f702ec532adb0674491d296495.js?body=1" for ::1 at 2016-03-15 02:58:28 +0530


Started GET "/accounts/new" for ::1 at 2016-03-15 02:59:54 +0530
Processing by AccountsController#new as HTML
  Rendered accounts/_form.html.erb (72.1ms)
  Rendered accounts/new.html.erb within layouts/application (77.4ms)
  [1m[35mUser Load (0.2ms)[0m  SELECT  "users".* FROM "users" WHERE "users"."id" = ?  ORDER BY "users"."id" ASC LIMIT 1  [["id", 1]]
Completed 200 OK in 193ms (Views: 186.4ms | ActiveRecord: 0.3ms)


Started GET "/" for ::1 at 2016-03-15 03:00:07 +0530
Processing by WelcomeController#index as HTML
  [1m[36mUser Load (0.1ms)[0m  [1mSELECT  "users".* FROM "users" WHERE "users"."id" = ?  ORDER BY "users"."id" ASC LIMIT 1[0m  [["id", 1]]
Redirected to http://localhost:3000/admin/dashboard/index
Completed 302 Found in 6ms (ActiveRecord: 0.1ms)


Started GET "/admin/dashboard/index" for ::1 at 2016-03-15 03:00:07 +0530
Processing by Admin::DashboardController#index as HTML
  [1m[35mUser Load (0.1ms)[0m  SELECT  "users".* FROM "users" WHERE "users"."id" = ?  ORDER BY "users"."id" ASC LIMIT 1  [["id", 1]]
  Rendered admin/dashboard/_notification_boxes.html.erb (0.5ms)
  Rendered admin/dashboard/_area_chart.html.erb (0.3ms)
  Rendered admin/dashboard/_bar_chart.html.erb (0.4ms)
  Rendered admin/dashboard/_responsive_timeline.html.erb (0.4ms)
  Rendered admin/dashboard/_notifications_panel.html.erb (0.3ms)
  Rendered admin/dashboard/_donut_chart.html.erb (0.3ms)
  Rendered admin/dashboard/_chat_panel.html.erb (0.5ms)
  Rendered admin/dashboard/index.html.erb within layouts/application (17.6ms)
Completed 200 OK in 134ms (Views: 131.8ms | ActiveRecord: 0.1ms)


Started GET "/assets/fontawesome-webfont-a7c7e4930090e038a280fd61d88f0dc03dad4aeaedbd8c9be3dd9aa4c3b6f8d1.woff" for ::1 at 2016-03-15 03:00:07 +0530


Started GET "/admin/dashboard/index" for ::1 at 2016-03-15 03:04:26 +0530
Processing by Admin::DashboardController#index as HTML
  [1m[36mUser Load (0.1ms)[0m  [1mSELECT  "users".* FROM "users" WHERE "users"."id" = ?  ORDER BY "users"."id" ASC LIMIT 1[0m  [["id", 1]]
  Rendered admin/dashboard/_notification_boxes.html.erb (0.5ms)
  Rendered admin/dashboard/_area_chart.html.erb (0.3ms)
  Rendered admin/dashboard/_bar_chart.html.erb (0.4ms)
  Rendered admin/dashboard/_responsive_timeline.html.erb (0.4ms)
  Rendered admin/dashboard/_notifications_panel.html.erb (0.3ms)
  Rendered admin/dashboard/_donut_chart.html.erb (0.5ms)
  Rendered admin/dashboard/_chat_panel.html.erb (0.4ms)
  Rendered admin/dashboard/index.html.erb within layouts/application (21.7ms)
Completed 200 OK in 132ms (Views: 131.1ms | ActiveRecord: 0.1ms)


Started GET "/assets/animate.self-fea0ded26e143f826bc21f4dd76856675b5d1f31eb180436449a03e52401c21b.css?body=1" for ::1 at 2016-03-15 03:04:26 +0530


Started GET "/assets/accounts.self-e3b0c44298fc1c149afbf4c8996fb92427ae41e4649b934ca495991b7852b855.css?body=1" for ::1 at 2016-03-15 03:04:26 +0530


Started GET "/assets/twitter-bootstrap-static/fontawesome.self-2fe4f8a61d73606fbcb036b41f380591906a4da65a9eb5ec0a210fe6980b2ca7.css?body=1" for ::1 at 2016-03-15 03:04:26 +0530


Started GET "/assets/twitter-bootstrap-static/bootstrap.self-603f330c29af013305325569c8c75d03d688963abd8cde4fffec17b5ce417bfb.css?body=1" for ::1 at 2016-03-15 03:04:26 +0530


Started GET "/assets/bootstrap.min.self-2c354d7c0179bd35563b93633b23ac5fb07c67d531d40a75695bacbd0eadb799.css?body=1" for ::1 at 2016-03-15 03:04:26 +0530


Started GET "/assets/font-awesome.self-549fc40fdc4a24db7d7083d4da9b092dc9758df961f1999e2a976cac1253b42d.css?body=1" for ::1 at 2016-03-15 03:04:26 +0530


Started GET "/assets/bootstrap_and_overrides.self-2cb3834583dfbaf0a39c7139750bf963e05d79cbe811126997e013400be5d8dc.css?body=1" for ::1 at 2016-03-15 03:04:27 +0530


Started GET "/assets/morris.self-b331eeb1aa336d072d4e7e055fede5e44d00e73a31cfbfa77b87ebf0d816265c.css?body=1" for ::1 at 2016-03-15 03:04:27 +0530


Started GET "/assets/metisMenu.min.self-39a68158cd09f5740df90344edf98bf0dec5b8b07d6f8c5e1faed3f2bbf208f2.css?body=1" for ::1 at 2016-03-15 03:04:27 +0530


Started GET "/assets/sb-admin-2.self-055f6b9d2e9470a891a22528a00ee5ff5dda5448b62545a752437043d6477c56.css?body=1" for ::1 at 2016-03-15 03:04:27 +0530


Started GET "/assets/dashboard.self-e3b0c44298fc1c149afbf4c8996fb92427ae41e4649b934ca495991b7852b855.css?body=1" for ::1 at 2016-03-15 03:04:27 +0530


Started GET "/assets/scaffolds.self-06dbf4d07f65246579e3ad36541189a3e8e96aafb5f46b884418528a7e95cde5.css?body=1" for ::1 at 2016-03-15 03:04:27 +0530


Started GET "/assets/timeline.self-adcf4ac8978841626cabd1a65b1ae2b0419a1ddb13083a5aa5959a60bef9cfb5.css?body=1" for ::1 at 2016-03-15 03:04:27 +0530


Started GET "/assets/users.self-e3b0c44298fc1c149afbf4c8996fb92427ae41e4649b934ca495991b7852b855.css?body=1" for ::1 at 2016-03-15 03:04:27 +0530


Started GET "/assets/welcome.self-e3b0c44298fc1c149afbf4c8996fb92427ae41e4649b934ca495991b7852b855.css?body=1" for ::1 at 2016-03-15 03:04:27 +0530


Started GET "/assets/application.self-2f5082505d5fad7e2ca188d9795feb9983caf3a4ef3f5e2a589578f9546e7d1a.css?body=1" for ::1 at 2016-03-15 03:04:27 +0530


Started GET "/assets/jquery.self-c64a74367bda6ef8b860f19e74df08927ca99d2be2ac934e9e92d5fd361e0da4.js?body=1" for ::1 at 2016-03-15 03:04:27 +0530


Started GET "/assets/jquery_ujs.self-d602bdfe68ffc63b9f9cc512872aa3cfff046228a0a36e90dd476e8ef54c1b09.js?body=1" for ::1 at 2016-03-15 03:04:27 +0530


Started GET "/assets/twitter/bootstrap/transition.self-09ff30b1e8a93d1f7728b9855f55d9c9d8d5734c8861e0d8139994e50944572a.js?body=1" for ::1 at 2016-03-15 03:04:27 +0530


Started GET "/assets/twitter/bootstrap/alert.self-a29e91e8cd3ddaba9bbc466901d53ec2127e9256b9b941905d525a3a716bd1a5.js?body=1" for ::1 at 2016-03-15 03:04:27 +0530


Started GET "/assets/twitter/bootstrap/dropdown.self-9314126777c6be5443e37ea7f7967d7914d72b3e60449ba50edc967446373059.js?body=1" for ::1 at 2016-03-15 03:04:27 +0530


Started GET "/assets/twitter/bootstrap/scrollspy.self-a155b9d4b2f978905f0326c0f6635e1134fe91c6bfbfcbad079fa24a9fef2b0e.js?body=1" for ::1 at 2016-03-15 03:04:27 +0530


Started GET "/assets/twitter/bootstrap/tab.self-122235057fbd4c6c7da377d59dc58f47b44cb1088a2e38e6ee6ce9d8ac29a26a.js?body=1" for ::1 at 2016-03-15 03:04:27 +0530


Started GET "/assets/twitter/bootstrap/popover.self-77d8e3a2499c1104ef146396a68b82469ee2bdb365199b874694698d10405e9a.js?body=1" for ::1 at 2016-03-15 03:04:27 +0530


Started GET "/assets/twitter/bootstrap/tooltip.self-11cf547be953f25f511cec668f6690473fd97b2f65502e4032f4030999a3f0c3.js?body=1" for ::1 at 2016-03-15 03:04:27 +0530


Started GET "/assets/twitter/bootstrap/button.self-a6cb16785434acb365ae426aef9f1fce05ed553cae7a965e4471c3da71509175.js?body=1" for ::1 at 2016-03-15 03:04:27 +0530


Started GET "/assets/twitter/bootstrap/collapse.self-7dc8bfbc2fbfabd2bad62c58ff8ffeaf8f20fb87c7ca6cd35f06d4dc19632587.js?body=1" for ::1 at 2016-03-15 03:04:27 +0530


Started GET "/assets/twitter/bootstrap/carousel.self-57eb8422043cf0a85b7a9dc6843916eb0a3e35b419c7798a5eb254b918997631.js?body=1" for ::1 at 2016-03-15 03:04:27 +0530


Started GET "/assets/twitter/bootstrap/affix.self-d2b642d8fbfc1d7041e2edefd66683ada567a980789dcd6f94fddda0b33408b5.js?body=1" for ::1 at 2016-03-15 03:04:27 +0530


Started GET "/assets/bootstrap-notify.self-1db3a961b9727066bdbf8f0e2c50022c00ffb9fbc9c7d22c29c5d4e3f4c922c3.js?body=1" for ::1 at 2016-03-15 03:04:27 +0530


Started GET "/assets/twitter/bootstrap.self-fbfa5ad7d9aa0afe439ec4ff3883acc4cb92b62cb67c40d674320c9aa1d4642d.js?body=1" for ::1 at 2016-03-15 03:04:27 +0530


Started GET "/assets/turbolinks.self-c37727e9bd6b2735da5c311aa83fead54ed0be6cc8bd9a65309e9c5abe2cbfff.js?body=1" for ::1 at 2016-03-15 03:04:27 +0530


Started GET "/assets/accounts.self-877aef30ae1b040ab8a3aba4e3e309a11d7f2612f44dde450b5c157aa5f95c05.js?body=1" for ::1 at 2016-03-15 03:04:27 +0530


Started GET "/assets/bootstrap.self-fdc98dee79ee88255e10cac6caa91338165cb76cf0d263744d8d90011fc2ef8f.js?body=1" for ::1 at 2016-03-15 03:04:27 +0530


Started GET "/assets/bootstrap.min.self-d66e555f160df017adf1ca16a36cd609a36d49c51637e365c5b8847d0065fa40.js?body=1" for ::1 at 2016-03-15 03:04:27 +0530


Started GET "/assets/dashboard.self-877aef30ae1b040ab8a3aba4e3e309a11d7f2612f44dde450b5c157aa5f95c05.js?body=1" for ::1 at 2016-03-15 03:04:27 +0530


Started GET "/assets/flot-data.self-331b2c3fcf4c137e4b8bf2e6b520c71963ca035c9caddc345e82dbaffea1fe67.js?body=1" for ::1 at 2016-03-15 03:04:27 +0530


Started GET "/assets/jquery.flot.self-c14ce1ecd2ce4c63225ea890baab32a8844dc3a9934549b5e9eb1161587a5ec6.js?body=1" for ::1 at 2016-03-15 03:04:27 +0530


Started GET "/assets/twitter/bootstrap/modal.self-72f95ffa1071297725a9ac91989693d56d1abf23f441a47455073b0da2857a5b.js?body=1" for ::1 at 2016-03-15 03:04:27 +0530


Started GET "/assets/metisMenu.min.self-0db38256c73148671fb4a78e415b3cc67983c7ee20fdb697fcf4505c673c567d.js?body=1" for ::1 at 2016-03-15 03:04:27 +0530


Started GET "/assets/morris-data.self-56aaab5855e4cdbab1ef20ddfc4589d9c9badee04e7599ec74f8d5670526dc12.js?body=1" for ::1 at 2016-03-15 03:04:27 +0530


Started GET "/assets/morris.min.self-4af92d7906a27d9873d17376c88128564082ab7acc6e7055d61bd398db3c0276.js?body=1" for ::1 at 2016-03-15 03:04:27 +0530


Started GET "/assets/raphael-min.self-941b13323aa7867e65545caa1f27a7cb2e1b6a7346826fb2701e600a7f9fe885.js?body=1" for ::1 at 2016-03-15 03:04:27 +0530


Started GET "/assets/sb-admin-2.self-56bd6a6e5b0d37d83b0261b8de91fb454a750a4641c24bdc62f1bc5d860acb39.js?body=1" for ::1 at 2016-03-15 03:04:27 +0530


Started GET "/assets/users.self-877aef30ae1b040ab8a3aba4e3e309a11d7f2612f44dde450b5c157aa5f95c05.js?body=1" for ::1 at 2016-03-15 03:04:27 +0530


Started GET "/assets/welcome.self-877aef30ae1b040ab8a3aba4e3e309a11d7f2612f44dde450b5c157aa5f95c05.js?body=1" for ::1 at 2016-03-15 03:04:27 +0530


Started GET "/assets/application.self-7862a8a8b42407b4741a1adeeea35f0d13ddc4f702ec532adb0674491d296495.js?body=1" for ::1 at 2016-03-15 03:04:27 +0530


Started GET "/accounts" for ::1 at 2016-03-15 03:04:48 +0530
Processing by AccountsController#index as HTML
  [1m[35mAccount Load (0.2ms)[0m  SELECT "accounts".* FROM "accounts"
  Rendered accounts/index.html.erb within layouts/application (3.7ms)
  [1m[36mUser Load (0.2ms)[0m  [1mSELECT  "users".* FROM "users" WHERE "users"."id" = ?  ORDER BY "users"."id" ASC LIMIT 1[0m  [["id", 1]]
Completed 200 OK in 115ms (Views: 114.0ms | ActiveRecord: 0.4ms)


Started GET "/" for ::1 at 2016-03-15 03:04:51 +0530
Processing by WelcomeController#index as HTML
  [1m[35mUser Load (0.2ms)[0m  SELECT  "users".* FROM "users" WHERE "users"."id" = ?  ORDER BY "users"."id" ASC LIMIT 1  [["id", 1]]
Redirected to http://localhost:3000/admin/dashboard/index
Completed 302 Found in 3ms (ActiveRecord: 0.2ms)


Started GET "/admin/dashboard/index" for ::1 at 2016-03-15 03:04:51 +0530
Processing by Admin::DashboardController#index as HTML
  [1m[36mUser Load (0.1ms)[0m  [1mSELECT  "users".* FROM "users" WHERE "users"."id" = ?  ORDER BY "users"."id" ASC LIMIT 1[0m  [["id", 1]]
  Rendered admin/dashboard/_notification_boxes.html.erb (0.0ms)
  Rendered admin/dashboard/_area_chart.html.erb (0.1ms)
  Rendered admin/dashboard/_bar_chart.html.erb (0.0ms)
  Rendered admin/dashboard/_responsive_timeline.html.erb (0.0ms)
  Rendered admin/dashboard/_notifications_panel.html.erb (0.1ms)
  Rendered admin/dashboard/_donut_chart.html.erb (0.1ms)
  Rendered admin/dashboard/_chat_panel.html.erb (0.1ms)
  Rendered admin/dashboard/index.html.erb within layouts/application (16.8ms)
Completed 200 OK in 138ms (Views: 136.2ms | ActiveRecord: 0.1ms)


Started GET "/accounts" for ::1 at 2016-03-15 03:04:53 +0530
Processing by AccountsController#index as HTML
  [1m[35mAccount Load (0.1ms)[0m  SELECT "accounts".* FROM "accounts"
  Rendered accounts/index.html.erb within layouts/application (1.8ms)
  [1m[36mUser Load (0.2ms)[0m  [1mSELECT  "users".* FROM "users" WHERE "users"."id" = ?  ORDER BY "users"."id" ASC LIMIT 1[0m  [["id", 1]]
Completed 200 OK in 112ms (Views: 110.5ms | ActiveRecord: 0.3ms)


Started GET "/" for ::1 at 2016-03-15 03:04:54 +0530
Processing by WelcomeController#index as HTML
  [1m[35mUser Load (0.2ms)[0m  SELECT  "users".* FROM "users" WHERE "users"."id" = ?  ORDER BY "users"."id" ASC LIMIT 1  [["id", 1]]
Redirected to http://localhost:3000/admin/dashboard/index
Completed 302 Found in 4ms (ActiveRecord: 0.2ms)


Started GET "/admin/dashboard/index" for ::1 at 2016-03-15 03:04:54 +0530
Processing by Admin::DashboardController#index as HTML
  [1m[36mUser Load (0.1ms)[0m  [1mSELECT  "users".* FROM "users" WHERE "users"."id" = ?  ORDER BY "users"."id" ASC LIMIT 1[0m  [["id", 1]]
  Rendered admin/dashboard/_notification_boxes.html.erb (0.1ms)
  Rendered admin/dashboard/_area_chart.html.erb (0.1ms)
  Rendered admin/dashboard/_bar_chart.html.erb (0.1ms)
  Rendered admin/dashboard/_responsive_timeline.html.erb (0.1ms)
  Rendered admin/dashboard/_notifications_panel.html.erb (0.0ms)
  Rendered admin/dashboard/_donut_chart.html.erb (0.0ms)
  Rendered admin/dashboard/_chat_panel.html.erb (0.0ms)
  Rendered admin/dashboard/index.html.erb within layouts/application (20.4ms)
Completed 200 OK in 159ms (Views: 157.2ms | ActiveRecord: 0.1ms)


Started GET "/accounts" for ::1 at 2016-03-15 03:04:55 +0530
Processing by AccountsController#index as HTML
  [1m[35mAccount Load (0.1ms)[0m  SELECT "accounts".* FROM "accounts"
  Rendered accounts/index.html.erb within layouts/application (1.9ms)
  [1m[36mUser Load (0.2ms)[0m  [1mSELECT  "users".* FROM "users" WHERE "users"."id" = ?  ORDER BY "users"."id" ASC LIMIT 1[0m  [["id", 1]]
Completed 200 OK in 123ms (Views: 122.0ms | ActiveRecord: 0.3ms)


Started GET "/" for ::1 at 2016-03-15 03:05:04 +0530
Processing by WelcomeController#index as HTML
  [1m[35mUser Load (0.1ms)[0m  SELECT  "users".* FROM "users" WHERE "users"."id" = ?  ORDER BY "users"."id" ASC LIMIT 1  [["id", 1]]
Redirected to http://localhost:3000/admin/dashboard/index
Completed 302 Found in 3ms (ActiveRecord: 0.1ms)


Started GET "/admin/dashboard/index" for ::1 at 2016-03-15 03:05:04 +0530
Processing by Admin::DashboardController#index as HTML
  [1m[36mUser Load (0.1ms)[0m  [1mSELECT  "users".* FROM "users" WHERE "users"."id" = ?  ORDER BY "users"."id" ASC LIMIT 1[0m  [["id", 1]]
  Rendered admin/dashboard/_notification_boxes.html.erb (0.0ms)
  Rendered admin/dashboard/_area_chart.html.erb (0.0ms)
  Rendered admin/dashboard/_bar_chart.html.erb (0.0ms)
  Rendered admin/dashboard/_responsive_timeline.html.erb (0.0ms)
  Rendered admin/dashboard/_notifications_panel.html.erb (0.0ms)
  Rendered admin/dashboard/_donut_chart.html.erb (0.0ms)
  Rendered admin/dashboard/_chat_panel.html.erb (0.1ms)
  Rendered admin/dashboard/index.html.erb within layouts/application (17.1ms)
Completed 200 OK in 137ms (Views: 135.1ms | ActiveRecord: 0.1ms)


Started GET "/admin/dashboard/index" for ::1 at 2016-03-15 03:05:15 +0530
Processing by Admin::DashboardController#index as HTML
  [1m[35mUser Load (0.2ms)[0m  SELECT  "users".* FROM "users" WHERE "users"."id" = ?  ORDER BY "users"."id" ASC LIMIT 1  [["id", 1]]
  Rendered admin/dashboard/_notification_boxes.html.erb (0.0ms)
  Rendered admin/dashboard/_area_chart.html.erb (0.0ms)
  Rendered admin/dashboard/_bar_chart.html.erb (0.0ms)
  Rendered admin/dashboard/_responsive_timeline.html.erb (0.0ms)
  Rendered admin/dashboard/_notifications_panel.html.erb (0.0ms)
  Rendered admin/dashboard/_donut_chart.html.erb (0.0ms)
  Rendered admin/dashboard/_chat_panel.html.erb (0.0ms)
  Rendered admin/dashboard/index.html.erb within layouts/application (9.3ms)
Completed 200 OK in 126ms (Views: 123.9ms | ActiveRecord: 0.2ms)


Started GET "/assets/font-awesome.self-549fc40fdc4a24db7d7083d4da9b092dc9758df961f1999e2a976cac1253b42d.css?body=1" for ::1 at 2016-03-15 03:05:15 +0530


Started GET "/assets/animate.self-fea0ded26e143f826bc21f4dd76856675b5d1f31eb180436449a03e52401c21b.css?body=1" for ::1 at 2016-03-15 03:05:15 +0530


Started GET "/assets/twitter-bootstrap-static/fontawesome.self-2fe4f8a61d73606fbcb036b41f380591906a4da65a9eb5ec0a210fe6980b2ca7.css?body=1" for ::1 at 2016-03-15 03:05:15 +0530


Started GET "/assets/twitter-bootstrap-static/bootstrap.self-603f330c29af013305325569c8c75d03d688963abd8cde4fffec17b5ce417bfb.css?body=1" for ::1 at 2016-03-15 03:05:15 +0530


Started GET "/assets/accounts.self-e3b0c44298fc1c149afbf4c8996fb92427ae41e4649b934ca495991b7852b855.css?body=1" for ::1 at 2016-03-15 03:05:15 +0530


Started GET "/assets/bootstrap.min.self-2c354d7c0179bd35563b93633b23ac5fb07c67d531d40a75695bacbd0eadb799.css?body=1" for ::1 at 2016-03-15 03:05:15 +0530


Started GET "/assets/dashboard.self-e3b0c44298fc1c149afbf4c8996fb92427ae41e4649b934ca495991b7852b855.css?body=1" for ::1 at 2016-03-15 03:05:15 +0530


Started GET "/assets/metisMenu.min.self-39a68158cd09f5740df90344edf98bf0dec5b8b07d6f8c5e1faed3f2bbf208f2.css?body=1" for ::1 at 2016-03-15 03:05:15 +0530


Started GET "/assets/morris.self-b331eeb1aa336d072d4e7e055fede5e44d00e73a31cfbfa77b87ebf0d816265c.css?body=1" for ::1 at 2016-03-15 03:05:15 +0530


Started GET "/assets/scaffolds.self-06dbf4d07f65246579e3ad36541189a3e8e96aafb5f46b884418528a7e95cde5.css?body=1" for ::1 at 2016-03-15 03:05:15 +0530


Started GET "/assets/sb-admin-2.self-055f6b9d2e9470a891a22528a00ee5ff5dda5448b62545a752437043d6477c56.css?body=1" for ::1 at 2016-03-15 03:05:15 +0530


Started GET "/assets/bootstrap_and_overrides.self-2cb3834583dfbaf0a39c7139750bf963e05d79cbe811126997e013400be5d8dc.css?body=1" for ::1 at 2016-03-15 03:05:15 +0530


Started GET "/assets/users.self-e3b0c44298fc1c149afbf4c8996fb92427ae41e4649b934ca495991b7852b855.css?body=1" for ::1 at 2016-03-15 03:05:15 +0530


Started GET "/assets/welcome.self-e3b0c44298fc1c149afbf4c8996fb92427ae41e4649b934ca495991b7852b855.css?body=1" for ::1 at 2016-03-15 03:05:15 +0530


Started GET "/assets/application.self-2f5082505d5fad7e2ca188d9795feb9983caf3a4ef3f5e2a589578f9546e7d1a.css?body=1" for ::1 at 2016-03-15 03:05:15 +0530


Started GET "/assets/timeline.self-adcf4ac8978841626cabd1a65b1ae2b0419a1ddb13083a5aa5959a60bef9cfb5.css?body=1" for ::1 at 2016-03-15 03:05:15 +0530


Started GET "/assets/jquery.self-c64a74367bda6ef8b860f19e74df08927ca99d2be2ac934e9e92d5fd361e0da4.js?body=1" for ::1 at 2016-03-15 03:05:15 +0530


Started GET "/assets/jquery_ujs.self-d602bdfe68ffc63b9f9cc512872aa3cfff046228a0a36e90dd476e8ef54c1b09.js?body=1" for ::1 at 2016-03-15 03:05:15 +0530


Started GET "/assets/twitter/bootstrap/transition.self-09ff30b1e8a93d1f7728b9855f55d9c9d8d5734c8861e0d8139994e50944572a.js?body=1" for ::1 at 2016-03-15 03:05:15 +0530


Started GET "/assets/twitter/bootstrap/alert.self-a29e91e8cd3ddaba9bbc466901d53ec2127e9256b9b941905d525a3a716bd1a5.js?body=1" for ::1 at 2016-03-15 03:05:15 +0530


Started GET "/assets/twitter/bootstrap/modal.self-72f95ffa1071297725a9ac91989693d56d1abf23f441a47455073b0da2857a5b.js?body=1" for ::1 at 2016-03-15 03:05:15 +0530


Started GET "/assets/twitter/bootstrap/dropdown.self-9314126777c6be5443e37ea7f7967d7914d72b3e60449ba50edc967446373059.js?body=1" for ::1 at 2016-03-15 03:05:15 +0530


Started GET "/assets/twitter/bootstrap/scrollspy.self-a155b9d4b2f978905f0326c0f6635e1134fe91c6bfbfcbad079fa24a9fef2b0e.js?body=1" for ::1 at 2016-03-15 03:05:15 +0530


Started GET "/assets/twitter/bootstrap/tab.self-122235057fbd4c6c7da377d59dc58f47b44cb1088a2e38e6ee6ce9d8ac29a26a.js?body=1" for ::1 at 2016-03-15 03:05:15 +0530


Started GET "/assets/twitter/bootstrap/tooltip.self-11cf547be953f25f511cec668f6690473fd97b2f65502e4032f4030999a3f0c3.js?body=1" for ::1 at 2016-03-15 03:05:15 +0530


Started GET "/assets/twitter/bootstrap/popover.self-77d8e3a2499c1104ef146396a68b82469ee2bdb365199b874694698d10405e9a.js?body=1" for ::1 at 2016-03-15 03:05:15 +0530


Started GET "/assets/twitter/bootstrap/button.self-a6cb16785434acb365ae426aef9f1fce05ed553cae7a965e4471c3da71509175.js?body=1" for ::1 at 2016-03-15 03:05:15 +0530


Started GET "/assets/twitter/bootstrap/collapse.self-7dc8bfbc2fbfabd2bad62c58ff8ffeaf8f20fb87c7ca6cd35f06d4dc19632587.js?body=1" for ::1 at 2016-03-15 03:05:15 +0530


Started GET "/assets/twitter/bootstrap/carousel.self-57eb8422043cf0a85b7a9dc6843916eb0a3e35b419c7798a5eb254b918997631.js?body=1" for ::1 at 2016-03-15 03:05:15 +0530


Started GET "/assets/twitter/bootstrap/affix.self-d2b642d8fbfc1d7041e2edefd66683ada567a980789dcd6f94fddda0b33408b5.js?body=1" for ::1 at 2016-03-15 03:05:15 +0530


Started GET "/assets/bootstrap-notify.self-1db3a961b9727066bdbf8f0e2c50022c00ffb9fbc9c7d22c29c5d4e3f4c922c3.js?body=1" for ::1 at 2016-03-15 03:05:15 +0530


Started GET "/assets/twitter/bootstrap.self-fbfa5ad7d9aa0afe439ec4ff3883acc4cb92b62cb67c40d674320c9aa1d4642d.js?body=1" for ::1 at 2016-03-15 03:05:15 +0530


Started GET "/assets/turbolinks.self-c37727e9bd6b2735da5c311aa83fead54ed0be6cc8bd9a65309e9c5abe2cbfff.js?body=1" for ::1 at 2016-03-15 03:05:15 +0530


Started GET "/assets/accounts.self-877aef30ae1b040ab8a3aba4e3e309a11d7f2612f44dde450b5c157aa5f95c05.js?body=1" for ::1 at 2016-03-15 03:05:15 +0530


Started GET "/assets/bootstrap.self-fdc98dee79ee88255e10cac6caa91338165cb76cf0d263744d8d90011fc2ef8f.js?body=1" for ::1 at 2016-03-15 03:05:15 +0530


Started GET "/assets/bootstrap.min.self-d66e555f160df017adf1ca16a36cd609a36d49c51637e365c5b8847d0065fa40.js?body=1" for ::1 at 2016-03-15 03:05:15 +0530


Started GET "/assets/flot-data.self-331b2c3fcf4c137e4b8bf2e6b520c71963ca035c9caddc345e82dbaffea1fe67.js?body=1" for ::1 at 2016-03-15 03:05:16 +0530


Started GET "/assets/metisMenu.min.self-0db38256c73148671fb4a78e415b3cc67983c7ee20fdb697fcf4505c673c567d.js?body=1" for ::1 at 2016-03-15 03:05:16 +0530


Started GET "/assets/morris-data.self-56aaab5855e4cdbab1ef20ddfc4589d9c9badee04e7599ec74f8d5670526dc12.js?body=1" for ::1 at 2016-03-15 03:05:16 +0530


Started GET "/assets/jquery.flot.self-c14ce1ecd2ce4c63225ea890baab32a8844dc3a9934549b5e9eb1161587a5ec6.js?body=1" for ::1 at 2016-03-15 03:05:16 +0530


Started GET "/assets/morris.min.self-4af92d7906a27d9873d17376c88128564082ab7acc6e7055d61bd398db3c0276.js?body=1" for ::1 at 2016-03-15 03:05:16 +0530


Started GET "/assets/raphael-min.self-941b13323aa7867e65545caa1f27a7cb2e1b6a7346826fb2701e600a7f9fe885.js?body=1" for ::1 at 2016-03-15 03:05:16 +0530


Started GET "/assets/sb-admin-2.self-56bd6a6e5b0d37d83b0261b8de91fb454a750a4641c24bdc62f1bc5d860acb39.js?body=1" for ::1 at 2016-03-15 03:05:16 +0530


Started GET "/assets/users.self-877aef30ae1b040ab8a3aba4e3e309a11d7f2612f44dde450b5c157aa5f95c05.js?body=1" for ::1 at 2016-03-15 03:05:16 +0530


Started GET "/assets/welcome.self-877aef30ae1b040ab8a3aba4e3e309a11d7f2612f44dde450b5c157aa5f95c05.js?body=1" for ::1 at 2016-03-15 03:05:16 +0530


Started GET "/assets/application.self-7862a8a8b42407b4741a1adeeea35f0d13ddc4f702ec532adb0674491d296495.js?body=1" for ::1 at 2016-03-15 03:05:16 +0530


Started GET "/assets/dashboard.self-877aef30ae1b040ab8a3aba4e3e309a11d7f2612f44dde450b5c157aa5f95c05.js?body=1" for ::1 at 2016-03-15 03:05:16 +0530


Started GET "/" for ::1 at 2016-03-15 16:20:04 +0530
  [1m[36mActiveRecord::SchemaMigration Load (0.6ms)[0m  [1mSELECT "schema_migrations".* FROM "schema_migrations"[0m
Processing by WelcomeController#index as HTML
Completed 401 Unauthorized in 53ms (ActiveRecord: 0.0ms)


Started GET "/admin/users/sign_in" for ::1 at 2016-03-15 16:20:04 +0530
Processing by Devise::SessionsController#new as HTML
  Rendered devise/sessions/new.html.erb within layouts/application (54.3ms)
Completed 200 OK in 1207ms (Views: 1191.2ms | ActiveRecord: 0.4ms)


Started GET "/" for ::1 at 2016-03-15 16:20:06 +0530
Processing by WelcomeController#index as HTML
Completed 401 Unauthorized in 1ms (ActiveRecord: 0.0ms)


Started GET "/admin/users/sign_in" for ::1 at 2016-03-15 16:20:06 +0530
Processing by Devise::SessionsController#new as HTML
  Rendered devise/sessions/new.html.erb within layouts/application (9.1ms)
Completed 200 OK in 97ms (Views: 95.8ms | ActiveRecord: 0.0ms)


Started POST "/admin/users/sign_in" for ::1 at 2016-03-15 16:20:20 +0530
Processing by Devise::SessionsController#create as HTML
  Parameters: {"utf8"=>"✓", "authenticity_token"=>"ScXiXTIbRY0eTkE/jd5xdf1mJzLWLuL2h7wKaQ6PXR6pAyu9IbuSGjMLIAAOE0pRUu/rX50h/qZufTFjWEM8Kw==", "user"=>{"email"=>"ajay@gmail.com", "password"=>"[FILTERED]", "remember_me"=>"0"}, "commit"=>"Log in"}
  [1m[35mUser Load (15.6ms)[0m  SELECT  "users".* FROM "users" WHERE "users"."email" = ?  ORDER BY "users"."id" ASC LIMIT 1  [["email", "ajay@gmail.com"]]
  [1m[36m (0.1ms)[0m  [1mbegin transaction[0m
  [1m[35mSQL (0.5ms)[0m  UPDATE "users" SET "current_sign_in_at" = ?, "sign_in_count" = ?, "updated_at" = ? WHERE "users"."id" = ?  [["current_sign_in_at", "2016-03-15 10:50:20.685238"], ["sign_in_count", 2], ["updated_at", "2016-03-15 10:50:20.686271"], ["id", 1]]
  [1m[36m (1.4ms)[0m  [1mcommit transaction[0m
Redirected to http://localhost:3000/
Completed 302 Found in 239ms (ActiveRecord: 17.6ms)


Started GET "/" for ::1 at 2016-03-15 16:20:20 +0530
Processing by WelcomeController#index as HTML
  [1m[35mUser Load (0.2ms)[0m  SELECT  "users".* FROM "users" WHERE "users"."id" = ?  ORDER BY "users"."id" ASC LIMIT 1  [["id", 1]]
Redirected to http://localhost:3000/admin/dashboard/index
Completed 302 Found in 2ms (ActiveRecord: 0.2ms)


Started GET "/admin/dashboard/index" for ::1 at 2016-03-15 16:20:20 +0530
Processing by Admin::DashboardController#index as HTML
  [1m[36mUser Load (0.1ms)[0m  [1mSELECT  "users".* FROM "users" WHERE "users"."id" = ?  ORDER BY "users"."id" ASC LIMIT 1[0m  [["id", 1]]
  Rendered admin/dashboard/_notification_boxes.html.erb (0.6ms)
  Rendered admin/dashboard/_area_chart.html.erb (0.5ms)
  Rendered admin/dashboard/_bar_chart.html.erb (0.5ms)
  Rendered admin/dashboard/_responsive_timeline.html.erb (0.5ms)
  Rendered admin/dashboard/_notifications_panel.html.erb (0.6ms)
  Rendered admin/dashboard/_donut_chart.html.erb (0.3ms)
  Rendered admin/dashboard/_chat_panel.html.erb (0.4ms)
  Rendered admin/dashboard/index.html.erb within layouts/application (54.8ms)
Completed 200 OK in 158ms (Views: 156.5ms | ActiveRecord: 0.1ms)


Started GET "/" for ::1 at 2016-03-15 16:22:04 +0530
Processing by WelcomeController#index as HTML
  [1m[35mUser Load (0.1ms)[0m  SELECT  "users".* FROM "users" WHERE "users"."id" = ?  ORDER BY "users"."id" ASC LIMIT 1  [["id", 1]]
Redirected to http://localhost:3000/admin/dashboard/index
Completed 302 Found in 3ms (ActiveRecord: 0.1ms)


Started GET "/admin/dashboard/index" for ::1 at 2016-03-15 16:22:04 +0530
Processing by Admin::DashboardController#index as HTML
  [1m[36mUser Load (0.1ms)[0m  [1mSELECT  "users".* FROM "users" WHERE "users"."id" = ?  ORDER BY "users"."id" ASC LIMIT 1[0m  [["id", 1]]
  Rendered admin/dashboard/_notification_boxes.html.erb (0.0ms)
  Rendered admin/dashboard/_area_chart.html.erb (0.0ms)
  Rendered admin/dashboard/_bar_chart.html.erb (0.1ms)
  Rendered admin/dashboard/_responsive_timeline.html.erb (0.0ms)
  Rendered admin/dashboard/_notifications_panel.html.erb (0.0ms)
  Rendered admin/dashboard/_donut_chart.html.erb (0.0ms)
  Rendered admin/dashboard/_chat_panel.html.erb (0.0ms)
  Rendered admin/dashboard/index.html.erb within layouts/application (9.8ms)
Completed 200 OK in 109ms (Views: 107.3ms | ActiveRecord: 0.1ms)


Started GET "/" for ::1 at 2016-03-15 16:22:13 +0530
Processing by WelcomeController#index as HTML
  [1m[35mUser Load (0.1ms)[0m  SELECT  "users".* FROM "users" WHERE "users"."id" = ?  ORDER BY "users"."id" ASC LIMIT 1  [["id", 1]]
Redirected to http://localhost:3000/admin/dashboard/index
Completed 302 Found in 2ms (ActiveRecord: 0.1ms)


Started GET "/admin/dashboard/index" for ::1 at 2016-03-15 16:22:13 +0530
Processing by Admin::DashboardController#index as HTML
  [1m[36mUser Load (0.1ms)[0m  [1mSELECT  "users".* FROM "users" WHERE "users"."id" = ?  ORDER BY "users"."id" ASC LIMIT 1[0m  [["id", 1]]
  Rendered admin/dashboard/_notification_boxes.html.erb (0.0ms)
  Rendered admin/dashboard/_area_chart.html.erb (0.0ms)
  Rendered admin/dashboard/_bar_chart.html.erb (0.0ms)
  Rendered admin/dashboard/_responsive_timeline.html.erb (0.0ms)
  Rendered admin/dashboard/_notifications_panel.html.erb (0.0ms)
  Rendered admin/dashboard/_donut_chart.html.erb (0.0ms)
  Rendered admin/dashboard/_chat_panel.html.erb (0.1ms)
  Rendered admin/dashboard/index.html.erb within layouts/application (9.7ms)
Completed 200 OK in 97ms (Views: 95.1ms | ActiveRecord: 0.1ms)
